#
# There is insufficient memory for the Java Runtime Environment to continue.
# Native memory allocation (mmap) failed to map 111149056 bytes for Failed to commit area from 0x000000008ef00000 to 0x0000000095900000 of length 111149056.
# Possible reasons:
#   The system is out of physical RAM or swap space
#   The process is running with CompressedOops enabled, and the Java Heap may be blocking the growth of the native heap
# Possible solutions:
#   Reduce memory load on the system
#   Increase physical memory or swap space
#   Check if swap backing store is full
#   Decrease Java heap size (-Xmx/-Xms)
#   Decrease number of Java threads
#   Decrease Java thread stack sizes (-Xss)
#   Set larger code cache with -XX:ReservedCodeCacheSize=
#   JVM is running with Unscaled Compressed Oops mode in which the Java heap is
#     placed in the first 4GB address space. The Java Heap base address is the
#     maximum limit for the native heap growth. Please use -XX:HeapBaseMinAddress
#     to set the Java Heap base and to place the Java Heap above 4GB virtual address.
# This output file may be truncated or incomplete.
#
#  Out of Memory Error (./src/hotspot/os/windows/os_windows.cpp:3303), pid=15772, tid=23656
#
# JRE version: OpenJDK Runtime Environment (11.0.8+10) (build 11.0.8+10-b944.6842174)
# Java VM: OpenJDK 64-Bit Server VM (11.0.8+10-b944.6842174, mixed mode, tiered, compressed oops, g1 gc, windows-amd64)
# No core dump will be written. Minidumps are not enabled by default on client versions of Windows
#

---------------  S U M M A R Y ------------

Command Line: --add-opens=java.base/java.util=ALL-UNNAMED --add-opens=java.base/java.lang=ALL-UNNAMED --add-opens=java.base/java.lang.invoke=ALL-UNNAMED --add-opens=java.prefs/java.util.prefs=ALL-UNNAMED -Xmx2048m -Dfile.encoding=UTF-8 -Duser.country=GB -Duser.language=en -Duser.variant org.gradle.launcher.daemon.bootstrap.GradleDaemon 6.7.1

Host: Intel(R) Core(TM) i5-10210U CPU @ 1.60GHz, 8 cores, 3G,  Windows 10 , 64 bit Build 19041 (10.0.19041.1023)
Time: Sun Jun 20 13:33:39 2021 India Standard Time elapsed time: 114 seconds (0d 0h 1m 54s)

---------------  T H R E A D  ---------------

Current thread (0x0000024a3da02800):  VMThread "VM Thread" [stack: 0x000000f436800000,0x000000f436900000] [id=23656]

Stack: [0x000000f436800000,0x000000f436900000]
[error occurred during error reporting (printing stack bounds), id 0xc0000005, EXCEPTION_ACCESS_VIOLATION (0xc0000005) at pc=0x0000024a26900dad]

Native frames: (J=compiled Java code, j=interpreted, Vv=VM code, C=native code)
V  [jvm.dll+0x5de50a]
V  [jvm.dll+0x7122f5]
V  [jvm.dll+0x71384d]
V  [jvm.dll+0x713e65]
V  [jvm.dll+0x713e1b]
V  [jvm.dll+0x5dd958]
V  [jvm.dll+0x5de0f8]
C  [ntdll.dll+0xa217f]
C  [ntdll.dll+0x51454]
C  [ntdll.dll+0xa0cae]
C  0x0000024a26900dad

VM_Operation (0x000000f439efb9c0): G1CollectForAllocation, mode: safepoint, requested by thread 0x0000024a3e739800


---------------  P R O C E S S  ---------------

Threads class SMR info:
_java_thread_list=0x0000024a3e989b60, length=67, elements={
0x0000024a21789000, 0x0000024a3da09000, 0x0000024a3da0c800, 0x0000024a3e382800,
0x0000024a3e383800, 0x0000024a3e384800, 0x0000024a3da67000, 0x0000024a3da67800,
0x0000024a3e4ef800, 0x0000024a3e513800, 0x0000024a3ef41000, 0x0000024a3fb53800,
0x0000024a3fe33800, 0x0000024a3f72e800, 0x0000024a3fa30800, 0x0000024a3fe66000,
0x0000024a3fb9a800, 0x0000024a3ffdc800, 0x0000024a3ffde000, 0x0000024a3ffda000,
0x0000024a3ffdf800, 0x0000024a3ffe0800, 0x0000024a3ffdf000, 0x0000024a3ffdb800,
0x0000024a3ffdb000, 0x0000024a412ad000, 0x0000024a412a7800, 0x0000024a412ac000,
0x0000024a412af800, 0x0000024a412a9800, 0x0000024a412ab800, 0x0000024a412b0800,
0x0000024a412aa800, 0x0000024a412b1000, 0x0000024a412b4800, 0x0000024a412b2800,
0x0000024a412b3800, 0x0000024a43c94800, 0x0000024a448d6800, 0x0000024a448d7800,
0x0000024a448d4000, 0x0000024a448d9000, 0x0000024a448d5000, 0x0000024a448d3800,
0x0000024a448da000, 0x0000024a448da800, 0x0000024a448d8000, 0x0000024a448db800,
0x0000024a448d5800, 0x0000024a448dd000, 0x0000024a448de800, 0x0000024a448e0800,
0x0000024a448e2000, 0x0000024a448dc800, 0x0000024a448e1000, 0x0000024a3e737800,
0x0000024a3e738800, 0x0000024a3e735000, 0x0000024a3e733000, 0x0000024a3e736000,
0x0000024a3e737000, 0x0000024a3e739800, 0x0000024a3e733800, 0x0000024a3e73c000,
0x0000024a3e73b000, 0x0000024a3e73a000, 0x0000024a3e73c800
}

Java Threads: ( => current thread )
  0x0000024a21789000 JavaThread "main" [_thread_blocked, id=19908, stack(0x000000f436200000,0x000000f436300000)]
  0x0000024a3da09000 JavaThread "Reference Handler" daemon [_thread_blocked, id=21644, stack(0x000000f436900000,0x000000f436a00000)]
  0x0000024a3da0c800 JavaThread "Finalizer" daemon [_thread_blocked, id=17348, stack(0x000000f436a00000,0x000000f436b00000)]
  0x0000024a3e382800 JavaThread "Signal Dispatcher" daemon [_thread_blocked, id=15852, stack(0x000000f436b00000,0x000000f436c00000)]
  0x0000024a3e383800 JavaThread "Attach Listener" daemon [_thread_blocked, id=24416, stack(0x000000f436c00000,0x000000f436d00000)]
  0x0000024a3e384800 JavaThread "C2 CompilerThread0" daemon [_thread_blocked, id=23116, stack(0x000000f436d00000,0x000000f436e00000)]
  0x0000024a3da67000 JavaThread "C1 CompilerThread0" daemon [_thread_blocked, id=20876, stack(0x000000f436e00000,0x000000f436f00000)]
  0x0000024a3da67800 JavaThread "Sweeper thread" daemon [_thread_blocked, id=14436, stack(0x000000f436f00000,0x000000f437000000)]
  0x0000024a3e4ef800 JavaThread "Common-Cleaner" daemon [_thread_blocked, id=15920, stack(0x000000f437000000,0x000000f437100000)]
  0x0000024a3e513800 JavaThread "Service Thread" daemon [_thread_blocked, id=2084, stack(0x000000f437100000,0x000000f437200000)]
  0x0000024a3ef41000 JavaThread "Daemon health stats" [_thread_blocked, id=24228, stack(0x000000f437400000,0x000000f437500000)]
  0x0000024a3fb53800 JavaThread "Incoming local TCP Connector on port 56410" [_thread_in_native, id=11368, stack(0x000000f437700000,0x000000f437800000)]
  0x0000024a3fe33800 JavaThread "Daemon periodic checks" [_thread_blocked, id=13952, stack(0x000000f437800000,0x000000f437900000)]
  0x0000024a3f72e800 JavaThread "Daemon" [_thread_blocked, id=19728, stack(0x000000f437900000,0x000000f437a00000)]
  0x0000024a3fa30800 JavaThread "Handler for socket connection from /127.0.0.1:56410 to /127.0.0.1:56411" [_thread_in_native, id=20712, stack(0x000000f437a00000,0x000000f437b00000)]
  0x0000024a3fe66000 JavaThread "Cancel handler" [_thread_blocked, id=19416, stack(0x000000f437b00000,0x000000f437c00000)]
  0x0000024a3fb9a800 JavaThread "Daemon worker" [_thread_blocked, id=20800, stack(0x000000f438200000,0x000000f438300000)]
  0x0000024a3ffdc800 JavaThread "Asynchronous log dispatcher for DefaultDaemonConnection: socket connection from /127.0.0.1:56410 to /127.0.0.1:56411" [_thread_blocked, id=21012, stack(0x000000f438300000,0x000000f438400000)]
  0x0000024a3ffde000 JavaThread "Thread-8" [_thread_blocked, id=23420, stack(0x000000f438500000,0x000000f438600000)]
  0x0000024a3ffda000 JavaThread "Cache worker for file hash cache (C:\Users\hp\.gradle\caches\6.7.1\fileHashes)" [_thread_blocked, id=15492, stack(0x000000f438600000,0x000000f438700000)]
  0x0000024a3ffdf800 JavaThread "File lock request listener" [_thread_in_native, id=22344, stack(0x000000f438700000,0x000000f438800000)]
  0x0000024a3ffe0800 JavaThread "Cache worker for journal cache (C:\Users\hp\.gradle\caches\journal-1)" [_thread_blocked, id=18624, stack(0x000000f438900000,0x000000f438a00000)]
  0x0000024a3ffdf000 JavaThread "Cache worker for file hash cache (C:\Users\hp\AndroidStudioProjects\MyApplication8\.gradle\6.7.1\fileHashes)" [_thread_blocked, id=9464, stack(0x000000f438a00000,0x000000f438b00000)]
  0x0000024a3ffdb800 JavaThread "Cache worker for checksums cache (C:\Users\hp\AndroidStudioProjects\MyApplication8\.gradle\checksums)" [_thread_blocked, id=17524, stack(0x000000f438b00000,0x000000f438c00000)]
  0x0000024a3ffdb000 JavaThread "Cache worker for cache directory md-supplier (C:\Users\hp\.gradle\caches\6.7.1\md-supplier)" [_thread_blocked, id=17204, stack(0x000000f438c00000,0x000000f438d00000)]
  0x0000024a412ad000 JavaThread "Cache worker for cache directory md-rule (C:\Users\hp\.gradle\caches\6.7.1\md-rule)" [_thread_blocked, id=1888, stack(0x000000f438d00000,0x000000f438e00000)]
  0x0000024a412a7800 JavaThread "Cache worker for execution history cache (C:\Users\hp\.gradle\caches\6.7.1\executionHistory)" [_thread_blocked, id=21256, stack(0x000000f438e00000,0x000000f438f00000)]
  0x0000024a412ac000 JavaThread "Cache worker for file content cache (C:\Users\hp\.gradle\caches\6.7.1\fileContent)" [_thread_blocked, id=23168, stack(0x000000f439000000,0x000000f439100000)]
  0x0000024a412af800 JavaThread "Cache worker for Build Output Cleanup Cache (C:\Users\hp\AndroidStudioProjects\MyApplication8\.gradle\buildOutputCleanup)" [_thread_blocked, id=9088, stack(0x000000f439100000,0x000000f439200000)]
  0x0000024a412a9800 JavaThread "Build operations" [_thread_blocked, id=21924, stack(0x000000f439200000,0x000000f439300000)]
  0x0000024a412ab800 JavaThread "Build operations Thread 2" [_thread_blocked, id=1556, stack(0x000000f439300000,0x000000f439400000)]
  0x0000024a412b0800 JavaThread "Build operations Thread 3" [_thread_blocked, id=19924, stack(0x000000f439400000,0x000000f439500000)]
  0x0000024a412aa800 JavaThread "Build operations Thread 4" [_thread_blocked, id=19228, stack(0x000000f439500000,0x000000f439600000)]
  0x0000024a412b1000 JavaThread "Build operations Thread 5" [_thread_blocked, id=10040, stack(0x000000f439600000,0x000000f439700000)]
  0x0000024a412b4800 JavaThread "Build operations Thread 6" [_thread_blocked, id=6956, stack(0x000000f439700000,0x000000f439800000)]
  0x0000024a412b2800 JavaThread "Build operations Thread 7" [_thread_blocked, id=10392, stack(0x000000f439800000,0x000000f439900000)]
  0x0000024a412b3800 JavaThread "Build operations Thread 8" [_thread_blocked, id=3472, stack(0x000000f439900000,0x000000f439a00000)]
  0x0000024a43c94800 JavaThread "Memory manager" [_thread_blocked, id=19124, stack(0x000000f440e00000,0x000000f440f00000)]
  0x0000024a448d6800 JavaThread "build event listener" [_thread_blocked, id=6140, stack(0x000000f440f00000,0x000000f441000000)]
  0x0000024a448d7800 JavaThread "pool-3-thread-1" [_thread_blocked, id=5408, stack(0x000000f441000000,0x000000f441100000)]
  0x0000024a448d4000 JavaThread "build event listener" [_thread_blocked, id=20844, stack(0x000000f441100000,0x000000f441200000)]
  0x0000024a448d9000 JavaThread "Execution worker for ':'" [_thread_blocked, id=17140, stack(0x000000f441200000,0x000000f441300000)]
  0x0000024a448d5000 JavaThread "Execution worker for ':' Thread 2" [_thread_blocked, id=15588, stack(0x000000f441300000,0x000000f441400000)]
  0x0000024a448d3800 JavaThread "Execution worker for ':' Thread 3" [_thread_blocked, id=6572, stack(0x000000f441400000,0x000000f441500000)]
  0x0000024a448da000 JavaThread "Execution worker for ':' Thread 4" [_thread_blocked, id=20496, stack(0x000000f441500000,0x000000f441600000)]
  0x0000024a448da800 JavaThread "Execution worker for ':' Thread 5" [_thread_blocked, id=2764, stack(0x000000f441600000,0x000000f441700000)]
  0x0000024a448d8000 JavaThread "Execution worker for ':' Thread 6" [_thread_blocked, id=23904, stack(0x000000f441700000,0x000000f441800000)]
  0x0000024a448db800 JavaThread "Execution worker for ':' Thread 7" [_thread_blocked, id=22860, stack(0x000000f441800000,0x000000f441900000)]
  0x0000024a448d5800 JavaThread "Cache worker for execution history cache (C:\Users\hp\AndroidStudioProjects\MyApplication8\.gradle\6.7.1\executionHistory)" [_thread_blocked, id=22520, stack(0x000000f441900000,0x000000f441a00000)]
  0x0000024a448dd000 JavaThread "WorkerExecutor Queue" [_thread_blocked, id=18672, stack(0x000000f441a00000,0x000000f441b00000)]
  0x0000024a448de800 JavaThread "WorkerExecutor Queue Thread 4" [_thread_blocked, id=18884, stack(0x000000f441d00000,0x000000f441e00000)]
  0x0000024a448e0800 JavaThread "pool-4-thread-1" [_thread_blocked, id=23052, stack(0x000000f441e00000,0x000000f441f00000)]
  0x0000024a448e2000 JavaThread "stderr" [_thread_in_native, id=14424, stack(0x000000f441f00000,0x000000f442000000)]
  0x0000024a448dc800 JavaThread "stdout" [_thread_in_native, id=10244, stack(0x000000f442000000,0x000000f442100000)]
  0x0000024a448e1000 JavaThread "RMI Scheduler(0)" daemon [_thread_blocked, id=12032, stack(0x000000f441b00000,0x000000f441c00000)]
  0x0000024a3e737800 JavaThread "RMI GC Daemon" daemon [_thread_blocked, id=6160, stack(0x000000f442100000,0x000000f442200000)]
  0x0000024a3e738800 JavaThread "RMI TCP Accept-0" daemon [_thread_in_native, id=6072, stack(0x000000f442200000,0x000000f442300000)]
  0x0000024a3e735000 JavaThread "RMI Reaper" [_thread_blocked, id=23048, stack(0x000000f442300000,0x000000f442400000)]
  0x0000024a3e733000 JavaThread "RMI TCP Connection(idle)" daemon [_thread_blocked, id=18992, stack(0x000000f442400000,0x000000f442500000)]
  0x0000024a3e736000 JavaThread "Cache worker for Java compile cache (C:\Users\hp\.gradle\caches\6.7.1\javaCompile)" [_thread_blocked, id=1984, stack(0x000000f439c00000,0x000000f439d00000)]
  0x0000024a3e737000 JavaThread "Cache worker for Java compile cache (C:\Users\hp\AndroidStudioProjects\MyApplication8\.gradle\6.7.1\javaCompile)" [_thread_blocked, id=16296, stack(0x000000f439d00000,0x000000f439e00000)]
  0x0000024a3e739800 JavaThread "WorkerExecutor Queue Thread 5" [_thread_blocked, id=23156, stack(0x000000f439e00000,0x000000f439f00000)]
  0x0000024a3e733800 JavaThread "WorkerExecutor Queue Thread 6" [_thread_blocked, id=24368, stack(0x000000f439f00000,0x000000f43a000000)]
  0x0000024a3e73c000 JavaThread "WorkerExecutor Queue Thread 7" [_thread_blocked, id=6276, stack(0x000000f43a000000,0x000000f43a100000)]
  0x0000024a3e73b000 JavaThread "WorkerExecutor Queue Thread 8" [_thread_blocked, id=19516, stack(0x000000f43a100000,0x000000f43a200000)]
  0x0000024a3e73a000 JavaThread "WorkerExecutor Queue Thread 9" [_thread_blocked, id=17188, stack(0x000000f43a200000,0x000000f43a300000)]
  0x0000024a3e73c800 JavaThread "WorkerExecutor Queue Thread 10" [_thread_blocked, id=11116, stack(0x000000f43a300000,0x000000f43a400000)]

Other Threads:
=>0x0000024a3da02800 VMThread "VM Thread" [stack: 0x000000f436800000,0x000000f436900000] [id=23656]
  0x0000024a3e514000 WatcherThread [stack: 0x000000f437200000,0x000000f437300000] [id=21660]
  0x0000024a217a2000 GCTaskThread "GC Thread#0" [stack: 0x000000f436300000,0x000000f436400000] [id=15944]
  0x0000024a3ef5f800 GCTaskThread "GC Thread#1" [stack: 0x000000f437300000,0x000000f437400000] [id=19028]
  0x0000024a3f592800 GCTaskThread "GC Thread#2" [stack: 0x000000f437c00000,0x000000f437d00000] [id=22888]
  0x0000024a4002c000 GCTaskThread "GC Thread#3" [stack: 0x000000f437d00000,0x000000f437e00000] [id=11564]
  0x0000024a3fb12000 GCTaskThread "GC Thread#4" [stack: 0x000000f437e00000,0x000000f437f00000] [id=22880]
  0x0000024a3fe57800 GCTaskThread "GC Thread#5" [stack: 0x000000f437f00000,0x000000f438000000] [id=22812]
  0x0000024a3f8e4800 GCTaskThread "GC Thread#6" [stack: 0x000000f438000000,0x000000f438100000] [id=21960]
  0x0000024a3f8e5000 GCTaskThread "GC Thread#7" [stack: 0x000000f438100000,0x000000f438200000] [id=4784]
  0x0000024a217d2800 ConcurrentGCThread "G1 Main Marker" [stack: 0x000000f436400000,0x000000f436500000] [id=20404]
  0x0000024a217d6000 ConcurrentGCThread "G1 Conc#0" [stack: 0x000000f436500000,0x000000f436600000] [id=2284]
  0x0000024a40487000 ConcurrentGCThread "G1 Conc#1" [stack: 0x000000f438800000,0x000000f438900000] [id=24232]
  0x0000024a21843000 ConcurrentGCThread "G1 Refine#0" [stack: 0x000000f436600000,0x000000f436700000] [id=20196]
  0x0000024a46f7d800 ConcurrentGCThread "G1 Refine#1" [stack: 0x000000f435f00000,0x000000f436000000] [id=16072]
  0x0000024a42627800 ConcurrentGCThread "G1 Refine#2" [stack: 0x000000f436000000,0x000000f436100000] [id=10272]
  0x0000024a476fc800 ConcurrentGCThread "G1 Refine#3" [stack: 0x000000f436100000,0x000000f436200000] [id=24332]
  0x0000024a42cdc800 ConcurrentGCThread "G1 Refine#4" [stack: 0x000000f438400000,0x000000f438500000] [id=4972]
  0x0000024a3e42f000 ConcurrentGCThread "G1 Refine#5" [stack: 0x000000f438f00000,0x000000f439000000] [id=14372]
  0x0000024a42ffa800 ConcurrentGCThread "G1 Refine#6" [stack: 0x000000f439a00000,0x000000f439b00000] [id=16004]
  0x0000024a444b9000 ConcurrentGCThread "G1 Refine#7" [stack: 0x000000f439b00000,0x000000f439c00000] [id=24384]
  0x0000024a21844000 ConcurrentGCThread "G1 Young RemSet Sampling" [stack: 0x000000f436700000,0x000000f436800000] [id=20664]

Threads with active compile tasks:
C2 CompilerThread0 114494 13772       4       com.android.tools.r8.v.b.p::hasNext (10 bytes)
C1 CompilerThread0 114494 14109 %     3       com.android.tools.r8.graph.q0::b @ 2 (150 bytes)

VM state:at safepoint (normal execution)

VM Mutex/Monitor currently owned by a thread:  ([mutex/lock_event])
[0x0000024a21784c20] Threads_lock - owner thread: 0x0000024a3da02800
[0x0000024a217850a0] Heap_lock - owner thread: 0x0000024a3e739800

Heap address: 0x0000000080000000, size: 2048 MB, Compressed Oops mode: 32-bit
Narrow klass base: 0x0000000000000000, Narrow klass shift: 3
Compressed class space size: 1073741824 Address: 0x0000000100000000

Heap:
 garbage-first heap   total 353280K, used 105308K [0x0000000080000000, 0x0000000100000000)
  region size 1024K, 2 young (2048K), 2 survivors (2048K)
 Metaspace       used 112342K, capacity 115629K, committed 115968K, reserved 1148928K
  class space    used 14694K, capacity 16011K, committed 16128K, reserved 1048576K
Heap Regions: E=young(eden), S=young(survivor), O=old, HS=humongous(starts), HC=humongous(continues), CS=collection set, F=free, A=archive, TAMS=top-at-mark-start (previous, next)
|   0|0x0000000080000000, 0x0000000080100000, 0x0000000080100000|100%| O|  |TAMS 0x0000000080100000, 0x0000000080000000| Untracked 
|   1|0x0000000080100000, 0x0000000080200000, 0x0000000080200000|100%| O|  |TAMS 0x0000000080200000, 0x0000000080100000| Untracked 
|   2|0x0000000080200000, 0x0000000080300000, 0x0000000080300000|100%| O|  |TAMS 0x0000000080300000, 0x0000000080200000| Untracked 
|   3|0x0000000080300000, 0x0000000080400000, 0x0000000080400000|100%|HS|  |TAMS 0x0000000080400000, 0x0000000080300000| Complete 
|   4|0x0000000080400000, 0x0000000080500000, 0x0000000080500000|100%|HC|  |TAMS 0x0000000080500000, 0x0000000080400000| Complete 
|   5|0x0000000080500000, 0x0000000080600000, 0x0000000080600000|100%|HC|  |TAMS 0x0000000080600000, 0x0000000080500000| Complete 
|   6|0x0000000080600000, 0x0000000080700000, 0x0000000080700000|100%| O|  |TAMS 0x0000000080700000, 0x0000000080600000| Untracked 
|   7|0x0000000080700000, 0x0000000080800000, 0x0000000080800000|100%| O|  |TAMS 0x0000000080800000, 0x0000000080700000| Untracked 
|   8|0x0000000080800000, 0x0000000080900000, 0x0000000080900000|100%| O|  |TAMS 0x0000000080900000, 0x0000000080800000| Untracked 
|   9|0x0000000080900000, 0x0000000080a00000, 0x0000000080a00000|100%| O|  |TAMS 0x0000000080a00000, 0x0000000080900000| Untracked 
|  10|0x0000000080a00000, 0x0000000080b00000, 0x0000000080b00000|100%| O|  |TAMS 0x0000000080b00000, 0x0000000080a00000| Untracked 
|  11|0x0000000080b00000, 0x0000000080c00000, 0x0000000080c00000|100%| O|  |TAMS 0x0000000080c00000, 0x0000000080b00000| Untracked 
|  12|0x0000000080c00000, 0x0000000080d00000, 0x0000000080d00000|100%| O|  |TAMS 0x0000000080d00000, 0x0000000080c00000| Untracked 
|  13|0x0000000080d00000, 0x0000000080e00000, 0x0000000080e00000|100%| O|  |TAMS 0x0000000080e00000, 0x0000000080d00000| Untracked 
|  14|0x0000000080e00000, 0x0000000080f00000, 0x0000000080f00000|100%| O|  |TAMS 0x0000000080f00000, 0x0000000080e00000| Untracked 
|  15|0x0000000080f00000, 0x0000000081000000, 0x0000000081000000|100%| O|  |TAMS 0x0000000081000000, 0x0000000080f00000| Untracked 
|  16|0x0000000081000000, 0x0000000081100000, 0x0000000081100000|100%| O|  |TAMS 0x0000000081100000, 0x0000000081000000| Untracked 
|  17|0x0000000081100000, 0x0000000081200000, 0x0000000081200000|100%| O|  |TAMS 0x0000000081200000, 0x0000000081100000| Untracked 
|  18|0x0000000081200000, 0x0000000081300000, 0x0000000081300000|100%| O|  |TAMS 0x0000000081300000, 0x0000000081200000| Untracked 
|  19|0x0000000081300000, 0x0000000081400000, 0x0000000081400000|100%| O|  |TAMS 0x0000000081400000, 0x0000000081300000| Untracked 
|  20|0x0000000081400000, 0x0000000081500000, 0x0000000081500000|100%| O|  |TAMS 0x0000000081500000, 0x0000000081400000| Untracked 
|  21|0x0000000081500000, 0x0000000081600000, 0x0000000081600000|100%| O|  |TAMS 0x0000000081600000, 0x0000000081500000| Untracked 
|  22|0x0000000081600000, 0x0000000081700000, 0x0000000081700000|100%| O|  |TAMS 0x0000000081700000, 0x0000000081600000| Untracked 
|  23|0x0000000081700000, 0x0000000081800000, 0x0000000081800000|100%| O|  |TAMS 0x0000000081800000, 0x0000000081700000| Untracked 
|  24|0x0000000081800000, 0x0000000081900000, 0x0000000081900000|100%| O|  |TAMS 0x0000000081900000, 0x0000000081800000| Untracked 
|  25|0x0000000081900000, 0x0000000081a00000, 0x0000000081a00000|100%|HS|  |TAMS 0x0000000081a00000, 0x0000000081900000| Complete 
|  26|0x0000000081a00000, 0x0000000081b00000, 0x0000000081b00000|100%|HS|  |TAMS 0x0000000081b00000, 0x0000000081a00000| Complete 
|  27|0x0000000081b00000, 0x0000000081c00000, 0x0000000081c00000|100%|HC|  |TAMS 0x0000000081c00000, 0x0000000081b00000| Complete 
|  28|0x0000000081c00000, 0x0000000081d00000, 0x0000000081d00000|100%|HC|  |TAMS 0x0000000081d00000, 0x0000000081c00000| Complete 
|  29|0x0000000081d00000, 0x0000000081e00000, 0x0000000081e00000|100%|HS|  |TAMS 0x0000000081e00000, 0x0000000081d00000| Complete 
|  30|0x0000000081e00000, 0x0000000081f00000, 0x0000000081f00000|100%|HC|  |TAMS 0x0000000081f00000, 0x0000000081e00000| Complete 
|  31|0x0000000081f00000, 0x0000000082000000, 0x0000000082000000|100%| O|  |TAMS 0x0000000082000000, 0x0000000081f00000| Untracked 
|  32|0x0000000082000000, 0x0000000082100000, 0x0000000082100000|100%| O|  |TAMS 0x0000000082100000, 0x0000000082000000| Untracked 
|  33|0x0000000082100000, 0x0000000082200000, 0x0000000082200000|100%| O|  |TAMS 0x0000000082200000, 0x0000000082100000| Untracked 
|  34|0x0000000082200000, 0x0000000082300000, 0x0000000082300000|100%| O|  |TAMS 0x0000000082300000, 0x0000000082200000| Untracked 
|  35|0x0000000082300000, 0x0000000082400000, 0x0000000082400000|100%| O|  |TAMS 0x0000000082400000, 0x0000000082300000| Untracked 
|  36|0x0000000082400000, 0x0000000082500000, 0x0000000082500000|100%| O|  |TAMS 0x0000000082500000, 0x0000000082400000| Untracked 
|  37|0x0000000082500000, 0x0000000082600000, 0x0000000082600000|100%| O|  |TAMS 0x0000000082600000, 0x0000000082500000| Untracked 
|  38|0x0000000082600000, 0x0000000082700000, 0x0000000082700000|100%| O|  |TAMS 0x0000000082700000, 0x0000000082600000| Untracked 
|  39|0x0000000082700000, 0x0000000082800000, 0x0000000082800000|100%| O|  |TAMS 0x0000000082800000, 0x0000000082700000| Untracked 
|  40|0x0000000082800000, 0x0000000082900000, 0x0000000082900000|100%| O|  |TAMS 0x0000000082900000, 0x0000000082800000| Untracked 
|  41|0x0000000082900000, 0x0000000082a00000, 0x0000000082a00000|100%| O|  |TAMS 0x0000000082a00000, 0x0000000082900000| Untracked 
|  42|0x0000000082a00000, 0x0000000082b00000, 0x0000000082b00000|100%| O|  |TAMS 0x0000000082b00000, 0x0000000082a00000| Untracked 
|  43|0x0000000082b00000, 0x0000000082c00000, 0x0000000082c00000|100%| O|  |TAMS 0x0000000082c00000, 0x0000000082b00000| Untracked 
|  44|0x0000000082c00000, 0x0000000082d00000, 0x0000000082d00000|100%| O|  |TAMS 0x0000000082d00000, 0x0000000082c00000| Untracked 
|  45|0x0000000082d00000, 0x0000000082e00000, 0x0000000082e00000|100%| O|  |TAMS 0x0000000082e00000, 0x0000000082d00000| Untracked 
|  46|0x0000000082e00000, 0x0000000082f00000, 0x0000000082f00000|100%| O|  |TAMS 0x0000000082f00000, 0x0000000082e00000| Untracked 
|  47|0x0000000082f00000, 0x0000000083000000, 0x0000000083000000|100%| O|  |TAMS 0x0000000083000000, 0x0000000082f00000| Untracked 
|  48|0x0000000083000000, 0x0000000083100000, 0x0000000083100000|100%| O|  |TAMS 0x0000000083100000, 0x0000000083000000| Untracked 
|  49|0x0000000083100000, 0x0000000083200000, 0x0000000083200000|100%| O|  |TAMS 0x0000000083200000, 0x0000000083100000| Untracked 
|  50|0x0000000083200000, 0x0000000083300000, 0x0000000083300000|100%| O|  |TAMS 0x0000000083300000, 0x0000000083200000| Untracked 
|  51|0x0000000083300000, 0x0000000083400000, 0x0000000083400000|100%| O|  |TAMS 0x0000000083400000, 0x0000000083300000| Untracked 
|  52|0x0000000083400000, 0x0000000083500000, 0x0000000083500000|100%| O|  |TAMS 0x0000000083500000, 0x0000000083400000| Untracked 
|  53|0x0000000083500000, 0x0000000083600000, 0x0000000083600000|100%| O|  |TAMS 0x0000000083600000, 0x0000000083500000| Untracked 
|  54|0x0000000083600000, 0x0000000083700000, 0x0000000083700000|100%| O|  |TAMS 0x0000000083700000, 0x0000000083600000| Untracked 
|  55|0x0000000083700000, 0x0000000083800000, 0x0000000083800000|100%| O|  |TAMS 0x0000000083800000, 0x0000000083700000| Untracked 
|  56|0x0000000083800000, 0x0000000083900000, 0x0000000083900000|100%| O|  |TAMS 0x0000000083900000, 0x0000000083800000| Untracked 
|  57|0x0000000083900000, 0x0000000083a00000, 0x0000000083a00000|100%| O|  |TAMS 0x0000000083a00000, 0x0000000083900000| Untracked 
|  58|0x0000000083a00000, 0x0000000083b00000, 0x0000000083b00000|100%| O|  |TAMS 0x0000000083a00000, 0x0000000083a00000| Untracked 
|  59|0x0000000083b00000, 0x0000000083c00000, 0x0000000083c00000|100%| O|  |TAMS 0x0000000083b00000, 0x0000000083b00000| Untracked 
|  60|0x0000000083c00000, 0x0000000083d00000, 0x0000000083d00000|100%| O|  |TAMS 0x0000000083c00000, 0x0000000083c00000| Untracked 
|  61|0x0000000083d00000, 0x0000000083e00000, 0x0000000083e00000|100%| O|  |TAMS 0x0000000083d00000, 0x0000000083d00000| Untracked 
|  62|0x0000000083e00000, 0x0000000083f00000, 0x0000000083f00000|100%| O|  |TAMS 0x0000000083e00000, 0x0000000083e00000| Untracked 
|  63|0x0000000083f00000, 0x0000000084000000, 0x0000000084000000|100%| O|  |TAMS 0x0000000083f00000, 0x0000000083f00000| Untracked 
|  64|0x0000000084000000, 0x0000000084100000, 0x0000000084100000|100%| O|  |TAMS 0x0000000084000000, 0x0000000084000000| Untracked 
|  65|0x0000000084100000, 0x0000000084200000, 0x0000000084200000|100%| O|  |TAMS 0x0000000084100000, 0x0000000084100000| Untracked 
|  66|0x0000000084200000, 0x0000000084300000, 0x0000000084300000|100%| O|  |TAMS 0x0000000084200000, 0x0000000084200000| Untracked 
|  67|0x0000000084300000, 0x0000000084400000, 0x0000000084400000|100%| O|  |TAMS 0x0000000084300000, 0x0000000084300000| Untracked 
|  68|0x0000000084400000, 0x0000000084500000, 0x0000000084500000|100%| O|  |TAMS 0x0000000084400000, 0x0000000084400000| Untracked 
|  69|0x0000000084500000, 0x0000000084600000, 0x0000000084600000|100%| O|  |TAMS 0x0000000084500000, 0x0000000084500000| Untracked 
|  70|0x0000000084600000, 0x0000000084700000, 0x0000000084700000|100%| O|  |TAMS 0x0000000084600000, 0x0000000084600000| Untracked 
|  71|0x0000000084700000, 0x0000000084800000, 0x0000000084800000|100%| O|  |TAMS 0x0000000084700000, 0x0000000084700000| Untracked 
|  72|0x0000000084800000, 0x0000000084900000, 0x0000000084900000|100%| O|  |TAMS 0x0000000084800000, 0x0000000084800000| Untracked 
|  73|0x0000000084900000, 0x0000000084a00000, 0x0000000084a00000|100%| O|  |TAMS 0x0000000084900000, 0x0000000084900000| Untracked 
|  74|0x0000000084a00000, 0x0000000084b00000, 0x0000000084b00000|100%| O|  |TAMS 0x0000000084a00000, 0x0000000084a00000| Untracked 
|  75|0x0000000084b00000, 0x0000000084c00000, 0x0000000084c00000|100%| O|  |TAMS 0x0000000084c00000, 0x0000000084b00000| Untracked 
|  76|0x0000000084c00000, 0x0000000084d00000, 0x0000000084d00000|100%| O|  |TAMS 0x0000000084c00000, 0x0000000084c00000| Untracked 
|  77|0x0000000084d00000, 0x0000000084e00000, 0x0000000084e00000|100%|HS|  |TAMS 0x0000000084d00000, 0x0000000084d00000| Complete 
|  78|0x0000000084e00000, 0x0000000084f00000, 0x0000000084f00000|100%|HC|  |TAMS 0x0000000084e00000, 0x0000000084e00000| Complete 
|  79|0x0000000084f00000, 0x0000000085000000, 0x0000000085000000|100%| O|  |TAMS 0x0000000084f00000, 0x0000000084f00000| Untracked 
|  80|0x0000000085000000, 0x0000000085100000, 0x0000000085100000|100%| O|  |TAMS 0x0000000085000000, 0x0000000085000000| Untracked 
|  81|0x0000000085100000, 0x0000000085200000, 0x0000000085200000|100%| O|  |TAMS 0x0000000085100000, 0x0000000085100000| Untracked 
|  82|0x0000000085200000, 0x0000000085300000, 0x0000000085300000|100%| O|  |TAMS 0x0000000085200000, 0x0000000085200000| Untracked 
|  83|0x0000000085300000, 0x0000000085400000, 0x0000000085400000|100%| O|  |TAMS 0x0000000085300000, 0x0000000085300000| Untracked 
|  84|0x0000000085400000, 0x0000000085500000, 0x0000000085500000|100%| O|  |TAMS 0x0000000085400000, 0x0000000085400000| Untracked 
|  85|0x0000000085500000, 0x0000000085600000, 0x0000000085600000|100%| O|  |TAMS 0x0000000085500000, 0x0000000085500000| Untracked 
|  86|0x0000000085600000, 0x0000000085700000, 0x0000000085700000|100%| O|  |TAMS 0x0000000085600000, 0x0000000085600000| Untracked 
|  87|0x0000000085700000, 0x0000000085800000, 0x0000000085800000|100%| O|  |TAMS 0x0000000085700000, 0x0000000085700000| Untracked 
|  88|0x0000000085800000, 0x0000000085900000, 0x0000000085900000|100%| O|  |TAMS 0x0000000085800000, 0x0000000085800000| Untracked 
|  89|0x0000000085900000, 0x0000000085a00000, 0x0000000085a00000|100%| O|  |TAMS 0x0000000085900000, 0x0000000085900000| Untracked 
|  90|0x0000000085a00000, 0x0000000085b00000, 0x0000000085b00000|100%| O|  |TAMS 0x0000000085a00000, 0x0000000085a00000| Untracked 
|  91|0x0000000085b00000, 0x0000000085c00000, 0x0000000085c00000|100%| O|  |TAMS 0x0000000085b00000, 0x0000000085b00000| Untracked 
|  92|0x0000000085c00000, 0x0000000085d00000, 0x0000000085d00000|100%| O|  |TAMS 0x0000000085c00000, 0x0000000085c00000| Untracked 
|  93|0x0000000085d00000, 0x0000000085e00000, 0x0000000085e00000|100%| O|  |TAMS 0x0000000085d00000, 0x0000000085d00000| Untracked 
|  94|0x0000000085e00000, 0x0000000085f00000, 0x0000000085f00000|100%| O|  |TAMS 0x0000000085e00000, 0x0000000085e00000| Untracked 
|  95|0x0000000085f00000, 0x0000000086000000, 0x0000000086000000|100%| O|  |TAMS 0x0000000085f00000, 0x0000000085f00000| Untracked 
|  96|0x0000000086000000, 0x0000000086100000, 0x0000000086100000|100%| O|  |TAMS 0x0000000086000000, 0x0000000086000000| Untracked 
|  97|0x0000000086100000, 0x0000000086200000, 0x0000000086200000|100%| O|  |TAMS 0x0000000086100000, 0x0000000086100000| Untracked 
|  98|0x0000000086200000, 0x0000000086300000, 0x0000000086300000|100%| O|  |TAMS 0x0000000086200000, 0x0000000086200000| Untracked 
|  99|0x0000000086300000, 0x0000000086400000, 0x0000000086400000|100%| O|  |TAMS 0x0000000086300000, 0x0000000086300000| Untracked 
| 100|0x0000000086400000, 0x0000000086500000, 0x0000000086500000|100%| O|  |TAMS 0x0000000086400000, 0x0000000086400000| Untracked 
| 101|0x0000000086500000, 0x0000000086534400, 0x0000000086600000| 20%| O|  |TAMS 0x0000000086500000, 0x0000000086500000| Untracked 
| 102|0x0000000086600000, 0x0000000086600000, 0x0000000086700000|  0%| F|  |TAMS 0x0000000086600000, 0x0000000086600000| Untracked 
| 103|0x0000000086700000, 0x0000000086700000, 0x0000000086800000|  0%| F|  |TAMS 0x0000000086700000, 0x0000000086700000| Untracked 
| 104|0x0000000086800000, 0x0000000086800000, 0x0000000086900000|  0%| F|  |TAMS 0x0000000086800000, 0x0000000086800000| Untracked 
| 105|0x0000000086900000, 0x0000000086900000, 0x0000000086a00000|  0%| F|  |TAMS 0x0000000086900000, 0x0000000086900000| Untracked 
| 106|0x0000000086a00000, 0x0000000086a00000, 0x0000000086b00000|  0%| F|  |TAMS 0x0000000086a00000, 0x0000000086a00000| Untracked 
| 107|0x0000000086b00000, 0x0000000086b00000, 0x0000000086c00000|  0%| F|  |TAMS 0x0000000086b00000, 0x0000000086b00000| Untracked 
| 108|0x0000000086c00000, 0x0000000086c00000, 0x0000000086d00000|  0%| F|  |TAMS 0x0000000086c00000, 0x0000000086c00000| Untracked 
| 109|0x0000000086d00000, 0x0000000086d00000, 0x0000000086e00000|  0%| F|  |TAMS 0x0000000086d00000, 0x0000000086d00000| Untracked 
| 110|0x0000000086e00000, 0x0000000086e00000, 0x0000000086f00000|  0%| F|  |TAMS 0x0000000086e00000, 0x0000000086e00000| Untracked 
| 111|0x0000000086f00000, 0x0000000086f00000, 0x0000000087000000|  0%| F|  |TAMS 0x0000000086f00000, 0x0000000086f00000| Untracked 
| 112|0x0000000087000000, 0x0000000087000000, 0x0000000087100000|  0%| F|  |TAMS 0x0000000087000000, 0x0000000087000000| Untracked 
| 113|0x0000000087100000, 0x0000000087100000, 0x0000000087200000|  0%| F|  |TAMS 0x0000000087100000, 0x0000000087100000| Untracked 
| 114|0x0000000087200000, 0x0000000087200000, 0x0000000087300000|  0%| F|  |TAMS 0x0000000087200000, 0x0000000087200000| Untracked 
| 115|0x0000000087300000, 0x0000000087300000, 0x0000000087400000|  0%| F|  |TAMS 0x0000000087300000, 0x0000000087300000| Untracked 
| 116|0x0000000087400000, 0x0000000087400000, 0x0000000087500000|  0%| F|  |TAMS 0x0000000087400000, 0x0000000087400000| Untracked 
| 117|0x0000000087500000, 0x0000000087500000, 0x0000000087600000|  0%| F|  |TAMS 0x0000000087500000, 0x0000000087500000| Untracked 
| 118|0x0000000087600000, 0x0000000087600000, 0x0000000087700000|  0%| F|  |TAMS 0x0000000087600000, 0x0000000087600000| Untracked 
| 119|0x0000000087700000, 0x0000000087700000, 0x0000000087800000|  0%| F|  |TAMS 0x0000000087700000, 0x0000000087700000| Untracked 
| 120|0x0000000087800000, 0x0000000087800000, 0x0000000087900000|  0%| F|  |TAMS 0x0000000087800000, 0x0000000087800000| Untracked 
| 121|0x0000000087900000, 0x0000000087900000, 0x0000000087a00000|  0%| F|  |TAMS 0x0000000087900000, 0x0000000087900000| Untracked 
| 122|0x0000000087a00000, 0x0000000087a00000, 0x0000000087b00000|  0%| F|  |TAMS 0x0000000087a00000, 0x0000000087a00000| Untracked 
| 123|0x0000000087b00000, 0x0000000087b00000, 0x0000000087c00000|  0%| F|  |TAMS 0x0000000087b00000, 0x0000000087b00000| Untracked 
| 124|0x0000000087c00000, 0x0000000087c00000, 0x0000000087d00000|  0%| F|  |TAMS 0x0000000087c00000, 0x0000000087c00000| Untracked 
| 125|0x0000000087d00000, 0x0000000087d00000, 0x0000000087e00000|  0%| F|  |TAMS 0x0000000087d00000, 0x0000000087d00000| Untracked 
| 126|0x0000000087e00000, 0x0000000087e00000, 0x0000000087f00000|  0%| F|  |TAMS 0x0000000087e00000, 0x0000000087e00000| Untracked 
| 127|0x0000000087f00000, 0x0000000087f00000, 0x0000000088000000|  0%| F|  |TAMS 0x0000000087f00000, 0x0000000087f00000| Untracked 
| 128|0x0000000088000000, 0x0000000088000000, 0x0000000088100000|  0%| F|  |TAMS 0x0000000088000000, 0x0000000088000000| Untracked 
| 129|0x0000000088100000, 0x0000000088100000, 0x0000000088200000|  0%| F|  |TAMS 0x0000000088100000, 0x0000000088100000| Untracked 
| 130|0x0000000088200000, 0x0000000088200000, 0x0000000088300000|  0%| F|  |TAMS 0x0000000088200000, 0x0000000088200000| Untracked 
| 131|0x0000000088300000, 0x0000000088300000, 0x0000000088400000|  0%| F|  |TAMS 0x0000000088300000, 0x0000000088300000| Untracked 
| 132|0x0000000088400000, 0x0000000088400000, 0x0000000088500000|  0%| F|  |TAMS 0x0000000088400000, 0x0000000088400000| Untracked 
| 133|0x0000000088500000, 0x0000000088500000, 0x0000000088600000|  0%| F|  |TAMS 0x0000000088500000, 0x0000000088500000| Untracked 
| 134|0x0000000088600000, 0x0000000088600000, 0x0000000088700000|  0%| F|  |TAMS 0x0000000088600000, 0x0000000088600000| Untracked 
| 135|0x0000000088700000, 0x0000000088700000, 0x0000000088800000|  0%| F|  |TAMS 0x0000000088700000, 0x0000000088700000| Untracked 
| 136|0x0000000088800000, 0x0000000088800000, 0x0000000088900000|  0%| F|  |TAMS 0x0000000088800000, 0x0000000088800000| Untracked 
| 137|0x0000000088900000, 0x0000000088900000, 0x0000000088a00000|  0%| F|  |TAMS 0x0000000088900000, 0x0000000088900000| Untracked 
| 138|0x0000000088a00000, 0x0000000088a00000, 0x0000000088b00000|  0%| F|  |TAMS 0x0000000088a00000, 0x0000000088a00000| Untracked 
| 139|0x0000000088b00000, 0x0000000088b00000, 0x0000000088c00000|  0%| F|  |TAMS 0x0000000088b00000, 0x0000000088b00000| Untracked 
| 140|0x0000000088c00000, 0x0000000088c00000, 0x0000000088d00000|  0%| F|  |TAMS 0x0000000088c00000, 0x0000000088c00000| Untracked 
| 141|0x0000000088d00000, 0x0000000088d00000, 0x0000000088e00000|  0%| F|  |TAMS 0x0000000088d00000, 0x0000000088d00000| Untracked 
| 142|0x0000000088e00000, 0x0000000088e00000, 0x0000000088f00000|  0%| F|  |TAMS 0x0000000088e00000, 0x0000000088e00000| Untracked 
| 143|0x0000000088f00000, 0x0000000088f00000, 0x0000000089000000|  0%| F|  |TAMS 0x0000000088f00000, 0x0000000088f00000| Untracked 
| 144|0x0000000089000000, 0x0000000089000000, 0x0000000089100000|  0%| F|  |TAMS 0x0000000089000000, 0x0000000089000000| Untracked 
| 145|0x0000000089100000, 0x0000000089100000, 0x0000000089200000|  0%| F|  |TAMS 0x0000000089100000, 0x0000000089100000| Untracked 
| 146|0x0000000089200000, 0x0000000089200000, 0x0000000089300000|  0%| F|  |TAMS 0x0000000089200000, 0x0000000089200000| Untracked 
| 147|0x0000000089300000, 0x0000000089300000, 0x0000000089400000|  0%| F|  |TAMS 0x0000000089300000, 0x0000000089300000| Untracked 
| 148|0x0000000089400000, 0x0000000089400000, 0x0000000089500000|  0%| F|  |TAMS 0x0000000089400000, 0x0000000089400000| Untracked 
| 149|0x0000000089500000, 0x0000000089500000, 0x0000000089600000|  0%| F|  |TAMS 0x0000000089500000, 0x0000000089500000| Untracked 
| 150|0x0000000089600000, 0x0000000089600000, 0x0000000089700000|  0%| F|  |TAMS 0x0000000089600000, 0x0000000089600000| Untracked 
| 151|0x0000000089700000, 0x0000000089700000, 0x0000000089800000|  0%| F|  |TAMS 0x0000000089700000, 0x0000000089700000| Untracked 
| 152|0x0000000089800000, 0x0000000089800000, 0x0000000089900000|  0%| F|  |TAMS 0x0000000089800000, 0x0000000089800000| Untracked 
| 153|0x0000000089900000, 0x0000000089900000, 0x0000000089a00000|  0%| F|  |TAMS 0x0000000089900000, 0x0000000089900000| Untracked 
| 154|0x0000000089a00000, 0x0000000089a00000, 0x0000000089b00000|  0%| F|  |TAMS 0x0000000089a00000, 0x0000000089a00000| Untracked 
| 155|0x0000000089b00000, 0x0000000089b00000, 0x0000000089c00000|  0%| F|  |TAMS 0x0000000089b00000, 0x0000000089b00000| Untracked 
| 156|0x0000000089c00000, 0x0000000089c00000, 0x0000000089d00000|  0%| F|  |TAMS 0x0000000089c00000, 0x0000000089c00000| Untracked 
| 157|0x0000000089d00000, 0x0000000089d00000, 0x0000000089e00000|  0%| F|  |TAMS 0x0000000089d00000, 0x0000000089d00000| Untracked 
| 158|0x0000000089e00000, 0x0000000089e00000, 0x0000000089f00000|  0%| F|  |TAMS 0x0000000089e00000, 0x0000000089e00000| Untracked 
| 159|0x0000000089f00000, 0x0000000089f00000, 0x000000008a000000|  0%| F|  |TAMS 0x0000000089f00000, 0x0000000089f00000| Untracked 
| 160|0x000000008a000000, 0x000000008a000000, 0x000000008a100000|  0%| F|  |TAMS 0x000000008a000000, 0x000000008a000000| Untracked 
| 161|0x000000008a100000, 0x000000008a100000, 0x000000008a200000|  0%| F|  |TAMS 0x000000008a100000, 0x000000008a100000| Untracked 
| 162|0x000000008a200000, 0x000000008a200000, 0x000000008a300000|  0%| F|  |TAMS 0x000000008a200000, 0x000000008a200000| Untracked 
| 163|0x000000008a300000, 0x000000008a300000, 0x000000008a400000|  0%| F|  |TAMS 0x000000008a300000, 0x000000008a300000| Untracked 
| 164|0x000000008a400000, 0x000000008a400000, 0x000000008a500000|  0%| F|  |TAMS 0x000000008a400000, 0x000000008a400000| Untracked 
| 165|0x000000008a500000, 0x000000008a500000, 0x000000008a600000|  0%| F|  |TAMS 0x000000008a500000, 0x000000008a500000| Untracked 
| 166|0x000000008a600000, 0x000000008a600000, 0x000000008a700000|  0%| F|  |TAMS 0x000000008a600000, 0x000000008a600000| Untracked 
| 167|0x000000008a700000, 0x000000008a700000, 0x000000008a800000|  0%| F|  |TAMS 0x000000008a700000, 0x000000008a700000| Untracked 
| 168|0x000000008a800000, 0x000000008a800000, 0x000000008a900000|  0%| F|  |TAMS 0x000000008a800000, 0x000000008a800000| Untracked 
| 169|0x000000008a900000, 0x000000008a900000, 0x000000008aa00000|  0%| F|  |TAMS 0x000000008a900000, 0x000000008a900000| Untracked 
| 170|0x000000008aa00000, 0x000000008aa00000, 0x000000008ab00000|  0%| F|  |TAMS 0x000000008aa00000, 0x000000008aa00000| Untracked 
| 171|0x000000008ab00000, 0x000000008ab00000, 0x000000008ac00000|  0%| F|  |TAMS 0x000000008ab00000, 0x000000008ab00000| Untracked 
| 172|0x000000008ac00000, 0x000000008ac00000, 0x000000008ad00000|  0%| F|  |TAMS 0x000000008ac00000, 0x000000008ac00000| Untracked 
| 173|0x000000008ad00000, 0x000000008ad00000, 0x000000008ae00000|  0%| F|  |TAMS 0x000000008ad00000, 0x000000008ad00000| Untracked 
| 174|0x000000008ae00000, 0x000000008ae00000, 0x000000008af00000|  0%| F|  |TAMS 0x000000008ae00000, 0x000000008ae00000| Untracked 
| 175|0x000000008af00000, 0x000000008af00000, 0x000000008b000000|  0%| F|  |TAMS 0x000000008af00000, 0x000000008af00000| Untracked 
| 176|0x000000008b000000, 0x000000008b000000, 0x000000008b100000|  0%| F|  |TAMS 0x000000008b000000, 0x000000008b000000| Untracked 
| 177|0x000000008b100000, 0x000000008b100000, 0x000000008b200000|  0%| F|  |TAMS 0x000000008b100000, 0x000000008b100000| Untracked 
| 178|0x000000008b200000, 0x000000008b200000, 0x000000008b300000|  0%| F|  |TAMS 0x000000008b200000, 0x000000008b200000| Untracked 
| 179|0x000000008b300000, 0x000000008b300000, 0x000000008b400000|  0%| F|  |TAMS 0x000000008b300000, 0x000000008b300000| Untracked 
| 180|0x000000008b400000, 0x000000008b400000, 0x000000008b500000|  0%| F|  |TAMS 0x000000008b400000, 0x000000008b400000| Untracked 
| 181|0x000000008b500000, 0x000000008b500000, 0x000000008b600000|  0%| F|  |TAMS 0x000000008b500000, 0x000000008b500000| Untracked 
| 182|0x000000008b600000, 0x000000008b600000, 0x000000008b700000|  0%| F|  |TAMS 0x000000008b600000, 0x000000008b600000| Untracked 
| 183|0x000000008b700000, 0x000000008b700000, 0x000000008b800000|  0%| F|  |TAMS 0x000000008b700000, 0x000000008b700000| Untracked 
| 184|0x000000008b800000, 0x000000008b800000, 0x000000008b900000|  0%| F|  |TAMS 0x000000008b800000, 0x000000008b800000| Untracked 
| 185|0x000000008b900000, 0x000000008b900000, 0x000000008ba00000|  0%| F|  |TAMS 0x000000008b900000, 0x000000008b900000| Untracked 
| 186|0x000000008ba00000, 0x000000008ba00000, 0x000000008bb00000|  0%| F|  |TAMS 0x000000008ba00000, 0x000000008ba00000| Untracked 
| 187|0x000000008bb00000, 0x000000008bb00000, 0x000000008bc00000|  0%| F|  |TAMS 0x000000008bb00000, 0x000000008bb00000| Untracked 
| 188|0x000000008bc00000, 0x000000008bc00000, 0x000000008bd00000|  0%| F|  |TAMS 0x000000008bc00000, 0x000000008bc00000| Untracked 
| 189|0x000000008bd00000, 0x000000008bd00000, 0x000000008be00000|  0%| F|  |TAMS 0x000000008bd00000, 0x000000008bd00000| Untracked 
| 190|0x000000008be00000, 0x000000008be00000, 0x000000008bf00000|  0%| F|  |TAMS 0x000000008be00000, 0x000000008be00000| Untracked 
| 191|0x000000008bf00000, 0x000000008bf00000, 0x000000008c000000|  0%| F|  |TAMS 0x000000008bf00000, 0x000000008bf00000| Untracked 
| 192|0x000000008c000000, 0x000000008c000000, 0x000000008c100000|  0%| F|  |TAMS 0x000000008c000000, 0x000000008c000000| Untracked 
| 193|0x000000008c100000, 0x000000008c100000, 0x000000008c200000|  0%| F|  |TAMS 0x000000008c100000, 0x000000008c100000| Untracked 
| 194|0x000000008c200000, 0x000000008c200000, 0x000000008c300000|  0%| F|  |TAMS 0x000000008c200000, 0x000000008c200000| Untracked 
| 195|0x000000008c300000, 0x000000008c300000, 0x000000008c400000|  0%| F|  |TAMS 0x000000008c300000, 0x000000008c300000| Untracked 
| 196|0x000000008c400000, 0x000000008c400000, 0x000000008c500000|  0%| F|  |TAMS 0x000000008c400000, 0x000000008c400000| Untracked 
| 197|0x000000008c500000, 0x000000008c500000, 0x000000008c600000|  0%| F|  |TAMS 0x000000008c500000, 0x000000008c500000| Untracked 
| 198|0x000000008c600000, 0x000000008c600000, 0x000000008c700000|  0%| F|  |TAMS 0x000000008c600000, 0x000000008c600000| Untracked 
| 199|0x000000008c700000, 0x000000008c700000, 0x000000008c800000|  0%| F|  |TAMS 0x000000008c700000, 0x000000008c700000| Untracked 
| 200|0x000000008c800000, 0x000000008c800000, 0x000000008c900000|  0%| F|  |TAMS 0x000000008c800000, 0x000000008c800000| Untracked 
| 201|0x000000008c900000, 0x000000008c900000, 0x000000008ca00000|  0%| F|  |TAMS 0x000000008c900000, 0x000000008c900000| Untracked 
| 202|0x000000008ca00000, 0x000000008ca00000, 0x000000008cb00000|  0%| F|  |TAMS 0x000000008ca00000, 0x000000008ca00000| Untracked 
| 203|0x000000008cb00000, 0x000000008cb00000, 0x000000008cc00000|  0%| F|  |TAMS 0x000000008cb00000, 0x000000008cb00000| Untracked 
| 204|0x000000008cc00000, 0x000000008cc00000, 0x000000008cd00000|  0%| F|  |TAMS 0x000000008cc00000, 0x000000008cc00000| Untracked 
| 205|0x000000008cd00000, 0x000000008cd00000, 0x000000008ce00000|  0%| F|  |TAMS 0x000000008cd00000, 0x000000008cd00000| Untracked 
| 206|0x000000008ce00000, 0x000000008ce00000, 0x000000008cf00000|  0%| F|  |TAMS 0x000000008ce00000, 0x000000008ce00000| Untracked 
| 207|0x000000008cf00000, 0x000000008cf00000, 0x000000008d000000|  0%| F|  |TAMS 0x000000008cf00000, 0x000000008cf00000| Untracked 
| 208|0x000000008d000000, 0x000000008d000000, 0x000000008d100000|  0%| F|  |TAMS 0x000000008d000000, 0x000000008d000000| Untracked 
| 209|0x000000008d100000, 0x000000008d100000, 0x000000008d200000|  0%| F|  |TAMS 0x000000008d100000, 0x000000008d100000| Untracked 
| 210|0x000000008d200000, 0x000000008d200000, 0x000000008d300000|  0%| F|  |TAMS 0x000000008d200000, 0x000000008d200000| Untracked 
| 211|0x000000008d300000, 0x000000008d300000, 0x000000008d400000|  0%| F|  |TAMS 0x000000008d300000, 0x000000008d300000| Untracked 
| 212|0x000000008d400000, 0x000000008d400000, 0x000000008d500000|  0%| F|  |TAMS 0x000000008d400000, 0x000000008d400000| Untracked 
| 213|0x000000008d500000, 0x000000008d500000, 0x000000008d600000|  0%| F|  |TAMS 0x000000008d500000, 0x000000008d500000| Untracked 
| 214|0x000000008d600000, 0x000000008d600000, 0x000000008d700000|  0%| F|  |TAMS 0x000000008d600000, 0x000000008d600000| Untracked 
| 215|0x000000008d700000, 0x000000008d700000, 0x000000008d800000|  0%| F|  |TAMS 0x000000008d700000, 0x000000008d700000| Untracked 
| 216|0x000000008d800000, 0x000000008d800000, 0x000000008d900000|  0%| F|  |TAMS 0x000000008d800000, 0x000000008d800000| Untracked 
| 217|0x000000008d900000, 0x000000008d900000, 0x000000008da00000|  0%| F|  |TAMS 0x000000008d900000, 0x000000008d900000| Untracked 
| 218|0x000000008da00000, 0x000000008da00000, 0x000000008db00000|  0%| F|  |TAMS 0x000000008da00000, 0x000000008da00000| Untracked 
| 219|0x000000008db00000, 0x000000008db00000, 0x000000008dc00000|  0%| F|  |TAMS 0x000000008db00000, 0x000000008db00000| Untracked 
| 220|0x000000008dc00000, 0x000000008dc00000, 0x000000008dd00000|  0%| F|  |TAMS 0x000000008dc00000, 0x000000008dc00000| Untracked 
| 221|0x000000008dd00000, 0x000000008dd00000, 0x000000008de00000|  0%| F|  |TAMS 0x000000008dd00000, 0x000000008dd00000| Untracked 
| 222|0x000000008de00000, 0x000000008de00000, 0x000000008df00000|  0%| F|  |TAMS 0x000000008de00000, 0x000000008de00000| Untracked 
| 223|0x000000008df00000, 0x000000008df00000, 0x000000008e000000|  0%| F|  |TAMS 0x000000008df00000, 0x000000008df00000| Untracked 
| 224|0x000000008e000000, 0x000000008e000000, 0x000000008e100000|  0%| F|  |TAMS 0x000000008e000000, 0x000000008e000000| Untracked 
| 225|0x000000008e100000, 0x000000008e100000, 0x000000008e200000|  0%| F|  |TAMS 0x000000008e100000, 0x000000008e100000| Untracked 
| 226|0x000000008e200000, 0x000000008e200000, 0x000000008e300000|  0%| F|  |TAMS 0x000000008e200000, 0x000000008e200000| Untracked 
| 227|0x000000008e300000, 0x000000008e300000, 0x000000008e400000|  0%| F|  |TAMS 0x000000008e300000, 0x000000008e300000| Untracked 
| 228|0x000000008e400000, 0x000000008e400000, 0x000000008e500000|  0%| F|  |TAMS 0x000000008e400000, 0x000000008e400000| Untracked 
| 229|0x000000008e500000, 0x000000008e500000, 0x000000008e600000|  0%| F|  |TAMS 0x000000008e500000, 0x000000008e500000| Untracked 
| 230|0x000000008e600000, 0x000000008e6a2ee8, 0x000000008e700000| 63%| S|CS|TAMS 0x000000008e600000, 0x000000008e600000| Complete 
| 231|0x000000008e700000, 0x000000008e800000, 0x000000008e800000|100%| S|CS|TAMS 0x000000008e700000, 0x000000008e700000| Complete 
| 232|0x000000008e800000, 0x000000008e800000, 0x000000008e900000|  0%| F|  |TAMS 0x000000008e800000, 0x000000008e800000| Untracked 
| 233|0x000000008e900000, 0x000000008e900000, 0x000000008ea00000|  0%| F|  |TAMS 0x000000008e900000, 0x000000008e900000| Untracked 
| 234|0x000000008ea00000, 0x000000008ea00000, 0x000000008eb00000|  0%| F|  |TAMS 0x000000008ea00000, 0x000000008ea00000| Untracked 
| 235|0x000000008eb00000, 0x000000008eb00000, 0x000000008ec00000|  0%| F|  |TAMS 0x000000008eb00000, 0x000000008eb00000| Untracked 
| 236|0x000000008ec00000, 0x000000008ec00000, 0x000000008ed00000|  0%| F|  |TAMS 0x000000008ec00000, 0x000000008ec00000| Untracked 
| 237|0x000000008ed00000, 0x000000008ed00000, 0x000000008ee00000|  0%| F|  |TAMS 0x000000008ed00000, 0x000000008ed00000| Untracked 
| 238|0x000000008ee00000, 0x000000008ee00000, 0x000000008ef00000|  0%| F|  |TAMS 0x000000008ee00000, 0x000000008ee00000| Untracked 

Card table byte_map: [0x0000024a36760000,0x0000024a36b60000] _byte_map_base: 0x0000024a36360000

Marking Bits (Prev, Next): (CMBitMap*) 0x0000024a217c9d00, (CMBitMap*) 0x0000024a217c9cc8
 Prev Bits: [0x0000024a38f60000, 0x0000024a3af60000)
 Next Bits: [0x0000024a36f60000, 0x0000024a38f60000)

Polling page: 0x0000024a21870000

Metaspace:

Usage:
  Non-class:     97.28 MB capacity,    95.36 MB ( 98%) used,     1.56 MB (  2%) free+waste,   376.13 KB ( <1%) overhead. 
      Class:     15.64 MB capacity,    14.35 MB ( 92%) used,     1.10 MB (  7%) free+waste,   187.19 KB (  1%) overhead. 
       Both:    112.92 MB capacity,   109.71 MB ( 97%) used,     2.66 MB (  2%) free+waste,   563.31 KB ( <1%) overhead. 

Virtual space:
  Non-class space:       98.00 MB reserved,      97.50 MB (>99%) committed 
      Class space:        1.00 GB reserved,      15.75 MB (  2%) committed 
             Both:        1.10 GB reserved,     113.25 MB ( 10%) committed 

Chunk freelists:
   Non-Class:  30.00 KB
       Class:  21.00 KB
        Both:  51.00 KB

MaxMetaspaceSize: 17179869184.00 GB
CompressedClassSpaceSize: 1.00 GB

CodeHeap 'non-profiled nmethods': size=120000Kb used=6624Kb max_used=6624Kb free=113375Kb
 bounds [0x0000024a2e3d0000, 0x0000024a2ea50000, 0x0000024a35900000]
CodeHeap 'profiled nmethods': size=120000Kb used=28045Kb max_used=28045Kb free=91954Kb
 bounds [0x0000024a26ea0000, 0x0000024a28a10000, 0x0000024a2e3d0000]
CodeHeap 'non-nmethods': size=5760Kb used=2333Kb max_used=2373Kb free=3427Kb
 bounds [0x0000024a26900000, 0x0000024a26b70000, 0x0000024a26ea0000]
 total_blobs=14313 nmethods=13356 adapters=868
 compilation: enabled
              stopped_count=0, restarted_count=0
 full_count=0

Compilation events (20 events):
Event: 114.165 Thread 0x0000024a3da67000 nmethod 14086 0x0000024a289ffb90 code [0x0000024a28a00100, 0x0000024a28a01cb8]
Event: 114.166 Thread 0x0000024a3da67000 14095       2       com.android.tools.r8.w.a.a.a.f.m0::<init> (12 bytes)
Event: 114.166 Thread 0x0000024a3da67000 nmethod 14095 0x0000024a28a02e10 code [0x0000024a28a02fc0, 0x0000024a28a03118]
Event: 114.166 Thread 0x0000024a3da67000 14098       2       com.android.tools.r8.graph.y::<init> (5 bytes)
Event: 114.166 Thread 0x0000024a3da67000 nmethod 14098 0x0000024a28a03190 code [0x0000024a28a03340, 0x0000024a28a03438]
Event: 114.166 Thread 0x0000024a3da67000 14096       2       java.util.PriorityQueue::add (6 bytes)
Event: 114.167 Thread 0x0000024a3da67000 nmethod 14096 0x0000024a28a03510 code [0x0000024a28a036c0, 0x0000024a28a037c8]
Event: 114.167 Thread 0x0000024a3da67000 14097       2       java.util.PriorityQueue::offer (58 bytes)
Event: 114.167 Thread 0x0000024a3da67000 nmethod 14097 0x0000024a28a03890 code [0x0000024a28a03a80, 0x0000024a28a03cf8]
Event: 114.167 Thread 0x0000024a3da67000 14099       2       com.android.tools.r8.v.b.o::c (36 bytes)
Event: 114.168 Thread 0x0000024a3da67000 nmethod 14099 0x0000024a28a03e90 code [0x0000024a28a04040, 0x0000024a28a04158]
Event: 114.168 Thread 0x0000024a3da67000 14087       2       com.android.tools.r8.v.b.o::P (27 bytes)
Event: 114.168 Thread 0x0000024a3da67000 nmethod 14087 0x0000024a28a04210 code [0x0000024a28a043e0, 0x0000024a28a04558]
Event: 114.168 Thread 0x0000024a3da67000 14094       2       java.lang.invoke.VarHandleGuards::guard_LI_I (63 bytes)
Event: 114.183 Thread 0x0000024a3e384800 nmethod 13281% 0x0000024a2ea44290 code [0x0000024a2ea44560, 0x0000024a2ea46a38]
Event: 114.183 Thread 0x0000024a3e384800 13367       4       java.util.AbstractSequentialList::iterator (5 bytes)
Event: 114.185 Thread 0x0000024a3e384800 nmethod 13367 0x0000024a2ea47d90 code [0x0000024a2ea47f20, 0x0000024a2ea47f98]
Event: 114.186 Thread 0x0000024a3e384800 13772       4       com.android.tools.r8.v.b.p::hasNext (10 bytes)
Event: 114.186 Thread 0x0000024a3da67000 nmethod 14094 0x0000024a28a04690 code [0x0000024a28a048e0, 0x0000024a28a04ee8]
Event: 114.186 Thread 0x0000024a3da67000 14109 %     3       com.android.tools.r8.graph.q0::b @ 2 (150 bytes)

GC Heap History (20 events):
Event: 15.116 GC heap after
{Heap after GC invocations=34 (full 0):
 garbage-first heap   total 118784K, used 60380K [0x0000000080000000, 0x0000000100000000)
  region size 1024K, 4 young (4096K), 4 survivors (4096K)
 Metaspace       used 74744K, capacity 76378K, committed 76416K, reserved 1116160K
  class space    used 9768K, capacity 10346K, committed 10368K, reserved 1048576K
}
Event: 17.210 GC heap before
{Heap before GC invocations=34 (full 0):
 garbage-first heap   total 118784K, used 92124K [0x0000000080000000, 0x0000000100000000)
  region size 1024K, 36 young (36864K), 4 survivors (4096K)
 Metaspace       used 77941K, capacity 79739K, committed 80000K, reserved 1118208K
  class space    used 10169K, capacity 10826K, committed 10880K, reserved 1048576K
}
Event: 17.270 GC heap after
{Heap after GC invocations=35 (full 0):
 garbage-first heap   total 118784K, used 62885K [0x0000000080000000, 0x0000000100000000)
  region size 1024K, 3 young (3072K), 3 survivors (3072K)
 Metaspace       used 77941K, capacity 79739K, committed 80000K, reserved 1118208K
  class space    used 10169K, capacity 10826K, committed 10880K, reserved 1048576K
}
Event: 18.096 GC heap before
{Heap before GC invocations=36 (full 0):
 garbage-first heap   total 118784K, used 93605K [0x0000000080000000, 0x0000000100000000)
  region size 1024K, 34 young (34816K), 3 survivors (3072K)
 Metaspace       used 78186K, capacity 80011K, committed 80256K, reserved 1118208K
  class space    used 10174K, capacity 10829K, committed 10880K, reserved 1048576K
}
Event: 18.111 GC heap after
{Heap after GC invocations=37 (full 0):
 garbage-first heap   total 184320K, used 64572K [0x0000000080000000, 0x0000000100000000)
  region size 1024K, 5 young (5120K), 5 survivors (5120K)
 Metaspace       used 78186K, capacity 80011K, committed 80256K, reserved 1118208K
  class space    used 10174K, capacity 10829K, committed 10880K, reserved 1048576K
}
Event: 20.643 GC heap before
{Heap before GC invocations=37 (full 0):
 garbage-first heap   total 184320K, used 139324K [0x0000000080000000, 0x0000000100000000)
  region size 1024K, 62 young (63488K), 5 survivors (5120K)
 Metaspace       used 80743K, capacity 82592K, committed 82816K, reserved 1120256K
  class space    used 10436K, capacity 11103K, committed 11136K, reserved 1048576K
}
Event: 20.681 GC heap after
{Heap after GC invocations=38 (full 0):
 garbage-first heap   total 184320K, used 66068K [0x0000000080000000, 0x0000000100000000)
  region size 1024K, 6 young (6144K), 6 survivors (6144K)
 Metaspace       used 80743K, capacity 82592K, committed 82816K, reserved 1120256K
  class space    used 10436K, capacity 11103K, committed 11136K, reserved 1048576K
}
Event: 23.271 GC heap before
{Heap before GC invocations=38 (full 0):
 garbage-first heap   total 184320K, used 150036K [0x0000000080000000, 0x0000000100000000)
  region size 1024K, 89 young (91136K), 6 survivors (6144K)
 Metaspace       used 86152K, capacity 88199K, committed 88320K, reserved 1126400K
  class space    used 11076K, capacity 11755K, committed 11776K, reserved 1048576K
}
Event: 23.324 GC heap after
{Heap after GC invocations=39 (full 0):
 garbage-first heap   total 184320K, used 69750K [0x0000000080000000, 0x0000000100000000)
  region size 1024K, 10 young (10240K), 10 survivors (10240K)
 Metaspace       used 86152K, capacity 88199K, committed 88320K, reserved 1126400K
  class space    used 11076K, capacity 11755K, committed 11776K, reserved 1048576K
}
Event: 30.252 GC heap before
{Heap before GC invocations=39 (full 0):
 garbage-first heap   total 184320K, used 150646K [0x0000000080000000, 0x0000000100000000)
  region size 1024K, 90 young (92160K), 10 survivors (10240K)
 Metaspace       used 87828K, capacity 89869K, committed 90112K, reserved 1128448K
  class space    used 11226K, capacity 11925K, committed 12032K, reserved 1048576K
}
Event: 30.354 GC heap after
{Heap after GC invocations=40 (full 0):
 garbage-first heap   total 184320K, used 75545K [0x0000000080000000, 0x0000000100000000)
  region size 1024K, 12 young (12288K), 12 survivors (12288K)
 Metaspace       used 87828K, capacity 89869K, committed 90112K, reserved 1128448K
  class space    used 11226K, capacity 11925K, committed 12032K, reserved 1048576K
}
Event: 36.037 GC heap before
{Heap before GC invocations=40 (full 0):
 garbage-first heap   total 184320K, used 150297K [0x0000000080000000, 0x0000000100000000)
  region size 1024K, 86 young (88064K), 12 survivors (12288K)
 Metaspace       used 91799K, capacity 93832K, committed 93952K, reserved 1130496K
  class space    used 11716K, capacity 12429K, committed 12544K, reserved 1048576K
}
Event: 36.313 GC heap after
{Heap after GC invocations=41 (full 0):
 garbage-first heap   total 244736K, used 79323K [0x0000000080000000, 0x0000000100000000)
  region size 1024K, 5 young (5120K), 5 survivors (5120K)
 Metaspace       used 91799K, capacity 93832K, committed 93952K, reserved 1130496K
  class space    used 11716K, capacity 12429K, committed 12544K, reserved 1048576K
}
Event: 108.042 GC heap before
{Heap before GC invocations=41 (full 0):
 garbage-first heap   total 244736K, used 206299K [0x0000000080000000, 0x0000000100000000)
  region size 1024K, 124 young (126976K), 5 survivors (5120K)
 Metaspace       used 103024K, capacity 105409K, committed 105472K, reserved 1140736K
  class space    used 13190K, capacity 14057K, committed 14080K, reserved 1048576K
}
Event: 108.525 GC heap after
{Heap after GC invocations=42 (full 0):
 garbage-first heap   total 244736K, used 91131K [0x0000000080000000, 0x0000000100000000)
  region size 1024K, 13 young (13312K), 13 survivors (13312K)
 Metaspace       used 103024K, capacity 105409K, committed 105472K, reserved 1140736K
  class space    used 13190K, capacity 14057K, committed 14080K, reserved 1048576K
}
Event: 108.792 GC heap before
{Heap before GC invocations=42 (full 0):
 garbage-first heap   total 244736K, used 92155K [0x0000000080000000, 0x0000000100000000)
  region size 1024K, 14 young (14336K), 13 survivors (13312K)
 Metaspace       used 103305K, capacity 105697K, committed 105856K, reserved 1140736K
  class space    used 13223K, capacity 14089K, committed 14208K, reserved 1048576K
}
Event: 108.981 GC heap after
{Heap after GC invocations=43 (full 0):
 garbage-first heap   total 244736K, used 90394K [0x0000000080000000, 0x0000000100000000)
  region size 1024K, 2 young (2048K), 2 survivors (2048K)
 Metaspace       used 103305K, capacity 105697K, committed 105856K, reserved 1140736K
  class space    used 13223K, capacity 14089K, committed 14208K, reserved 1048576K
}
Event: 113.633 GC heap before
{Heap before GC invocations=43 (full 0):
 garbage-first heap   total 244736K, used 175386K [0x0000000080000000, 0x0000000100000000)
  region size 1024K, 86 young (88064K), 2 survivors (2048K)
 Metaspace       used 111738K, capacity 114960K, committed 115072K, reserved 1148928K
  class space    used 14616K, capacity 15901K, committed 16000K, reserved 1048576K
}
Event: 113.878 GC heap after
{Heap after GC invocations=44 (full 0):
 garbage-first heap   total 244736K, used 103632K [0x0000000080000000, 0x0000000100000000)
  region size 1024K, 11 young (11264K), 11 survivors (11264K)
 Metaspace       used 111738K, capacity 114960K, committed 115072K, reserved 1148928K
  class space    used 14616K, capacity 15901K, committed 16000K, reserved 1048576K
}
Event: 114.188 GC heap before
{Heap before GC invocations=44 (full 0):
 garbage-first heap   total 244736K, used 110800K [0x0000000080000000, 0x0000000100000000)
  region size 1024K, 18 young (18432K), 11 survivors (11264K)
 Metaspace       used 112342K, capacity 115629K, committed 115968K, reserved 1148928K
  class space    used 14694K, capacity 16011K, committed 16128K, reserved 1048576K
}

Deoptimization events (20 events):
Event: 113.348 Thread 0x0000024a448de800 Uncommon trap: trap_request=0xffffffc6 fr.pc=0x0000024a2e9e9a58 relative=0x00000000000003d8
Event: 113.348 Thread 0x0000024a448de800 Uncommon trap: reason=bimorphic_or_optimized_type_check action=maybe_recompile pc=0x0000024a2e9e9a58 method=com.android.tools.r8.s.a.a.a.s$a.hashCode()I @ 26 c2
Event: 113.348 Thread 0x0000024a448de800 DEOPT PACKING pc=0x0000024a2e9e9a58 sp=0x000000f441dfc0a0
Event: 113.348 Thread 0x0000024a448de800 DEOPT UNPACKING pc=0x0000024a269274af sp=0x000000f441dfc038 mode 2
Event: 113.348 Thread 0x0000024a448de800 Uncommon trap: trap_request=0xffffffc6 fr.pc=0x0000024a2e9e9a58 relative=0x00000000000003d8
Event: 113.348 Thread 0x0000024a448de800 Uncommon trap: reason=bimorphic_or_optimized_type_check action=maybe_recompile pc=0x0000024a2e9e9a58 method=com.android.tools.r8.s.a.a.a.s$a.hashCode()I @ 26 c2
Event: 113.348 Thread 0x0000024a448de800 DEOPT PACKING pc=0x0000024a2e9e9a58 sp=0x000000f441dfc080
Event: 113.348 Thread 0x0000024a448de800 DEOPT UNPACKING pc=0x0000024a269274af sp=0x000000f441dfc018 mode 2
Event: 113.348 Thread 0x0000024a448de800 Uncommon trap: trap_request=0xffffffc6 fr.pc=0x0000024a2e9e9a58 relative=0x00000000000003d8
Event: 113.348 Thread 0x0000024a448de800 Uncommon trap: reason=bimorphic_or_optimized_type_check action=maybe_recompile pc=0x0000024a2e9e9a58 method=com.android.tools.r8.s.a.a.a.s$a.hashCode()I @ 26 c2
Event: 113.348 Thread 0x0000024a448de800 DEOPT PACKING pc=0x0000024a2e9e9a58 sp=0x000000f441dfc040
Event: 113.348 Thread 0x0000024a448de800 DEOPT UNPACKING pc=0x0000024a269274af sp=0x000000f441dfbfd8 mode 2
Event: 113.519 Thread 0x0000024a3e73c800 DEOPT PACKING pc=0x0000024a2895455e sp=0x000000f43a3fc7c0
Event: 113.519 Thread 0x0000024a3e73c800 DEOPT UNPACKING pc=0x0000024a269272ce sp=0x000000f43a3fbc68 mode 0
Event: 113.580 Thread 0x0000024a448de800 Uncommon trap: trap_request=0xffffff4d fr.pc=0x0000024a2e9f19b4 relative=0x0000000000003cb4
Event: 113.580 Thread 0x0000024a448de800 Uncommon trap: reason=unstable_if action=reinterpret pc=0x0000024a2e9f19b4 method=com.android.tools.r8.graph.a1$c.a()V @ 88 c2
Event: 113.580 Thread 0x0000024a448de800 DEOPT PACKING pc=0x0000024a2e9f19b4 sp=0x000000f441dfb420
Event: 113.580 Thread 0x0000024a448de800 DEOPT UNPACKING pc=0x0000024a269274af sp=0x000000f441dfb408 mode 2
Event: 114.169 Thread 0x0000024a3e73c800 DEOPT PACKING pc=0x0000024a287c79aa sp=0x000000f43a3fbba0
Event: 114.170 Thread 0x0000024a3e73c800 DEOPT UNPACKING pc=0x0000024a269272ce sp=0x000000f43a3fb4e8 mode 0

Classes redefined (0 events):
No events

Internal exceptions (20 events):
Event: 112.548 Thread 0x0000024a3e73a000 Exception <a 'java/lang/NoSuchMethodError'{0x000000008b93ae30}: 'java.lang.Object java.lang.invoke.DirectMethodHandle$Holder.invokeStatic(java.lang.Object, int, java.lang.Object, java.lang.Object)'> (0x000000008b93ae30) thrown at [./src/hotspot/share/interpreter/linkResolver.cpp, line 773]
Event: 112.548 Thread 0x0000024a3e73b000 Exception <a 'java/lang/NoSuchMethodError'{0x000000008b90be30}: 'java.lang.Object java.lang.invoke.DirectMethodHandle$Holder.invokeStatic(java.lang.Object, int, java.lang.Object, java.lang.Object)'> (0x000000008b90be30) thrown at [./src/hotspot/share/interpreter/linkResolver.cpp, line 773]
Event: 112.548 Thread 0x0000024a3e739800 Exception <a 'java/lang/NoSuchMethodError'{0x000000008ba9e688}: 'java.lang.Object java.lang.invoke.DirectMethodHandle$Holder.invokeStatic(java.lang.Object, int, java.lang.Object, java.lang.Object)'> (0x000000008ba9e688) thrown at [./src/hotspot/share/interpreter/linkResolver.cpp, line 773]
Event: 112.548 Thread 0x0000024a3e73c800 Exception <a 'java/lang/NoSuchMethodError'{0x000000008bafefd0}: 'java.lang.Object java.lang.invoke.DirectMethodHandle$Holder.invokeStatic(java.lang.Object, int, java.lang.Object, java.lang.Object)'> (0x000000008bafefd0) thrown at [./src/hotspot/share/interpreter/linkResolver.cpp, line 773]
Event: 112.548 Thread 0x0000024a448de800 Exception <a 'java/lang/NoSuchMethodError'{0x000000008b9558e8}: 'java.lang.Object java.lang.invoke.DirectMethodHandle$Holder.invokeStatic(java.lang.Object, int, java.lang.Object, java.lang.Object)'> (0x000000008b9558e8) thrown at [./src/hotspot/share/interpreter/linkResolver.cpp, line 773]
Event: 112.844 Thread 0x0000024a3e73c800 Exception <a 'java/lang/NoSuchMethodError'{0x000000008b709f60}: 'void java.lang.invoke.DirectMethodHandle$Holder.invokeSpecial(java.lang.Object, java.lang.Object, int, java.lang.Object)'> (0x000000008b709f60) thrown at [./src/hotspot/share/interpreter/linkResolver.cpp, line 773]
Event: 112.845 Thread 0x0000024a448de800 Exception <a 'java/lang/NoSuchMethodError'{0x000000008b719828}: 'void java.lang.invoke.DirectMethodHandle$Holder.invokeSpecial(java.lang.Object, java.lang.Object, int, java.lang.Object)'> (0x000000008b719828) thrown at [./src/hotspot/share/interpreter/linkResolver.cpp, line 773]
Event: 112.845 Thread 0x0000024a3e73a000 Exception <a 'java/lang/NoSuchMethodError'{0x000000008b728c20}: 'void java.lang.invoke.DirectMethodHandle$Holder.invokeSpecial(java.lang.Object, java.lang.Object, int, java.lang.Object)'> (0x000000008b728c20) thrown at [./src/hotspot/share/interpreter/linkResolver.cpp, line 773]
Event: 112.845 Thread 0x0000024a3e739800 Exception <a 'java/lang/NoSuchMethodError'{0x000000008b8e3b40}: 'void java.lang.invoke.DirectMethodHandle$Holder.invokeSpecial(java.lang.Object, java.lang.Object, int, java.lang.Object)'> (0x000000008b8e3b40) thrown at [./src/hotspot/share/interpreter/linkResolver.cpp, line 773]
Event: 113.039 Thread 0x0000024a448de800 Exception <a 'java/lang/NoSuchMethodError'{0x000000008b359498}: 'java.lang.Object java.lang.invoke.DirectMethodHandle$Holder.invokeVirtual(java.lang.Object, java.lang.Object, int, java.lang.Object)'> (0x000000008b359498) thrown at [./src/hotspot/share/interpreter/linkResolver.cpp, line 773]
Event: 113.039 Thread 0x0000024a3e73b000 Exception <a 'java/lang/NoSuchMethodError'{0x000000008b4db6c0}: 'java.lang.Object java.lang.invoke.DirectMethodHandle$Holder.invokeVirtual(java.lang.Object, java.lang.Object, int, java.lang.Object)'> (0x000000008b4db6c0) thrown at [./src/hotspot/share/interpreter/linkResolver.cpp, line 773]
Event: 113.039 Thread 0x0000024a3e73c800 Exception <a 'java/lang/NoSuchMethodError'{0x000000008b34e7a0}: 'java.lang.Object java.lang.invoke.DirectMethodHandle$Holder.invokeVirtual(java.lang.Object, java.lang.Object, int, java.lang.Object)'> (0x000000008b34e7a0) thrown at [./src/hotspot/share/interpreter/linkResolver.cpp, line 773]
Event: 113.039 Thread 0x0000024a3e73a000 Exception <a 'java/lang/NoSuchMethodError'{0x000000008b5101a0}: 'java.lang.Object java.lang.invoke.DirectMethodHandle$Holder.invokeVirtual(java.lang.Object, java.lang.Object, int, java.lang.Object)'> (0x000000008b5101a0) thrown at [./src/hotspot/share/interpreter/linkResolver.cpp, line 773]
Event: 113.039 Thread 0x0000024a3e739800 Exception <a 'java/lang/NoSuchMethodError'{0x000000008b3069f8}: 'java.lang.Object java.lang.invoke.DirectMethodHandle$Holder.invokeVirtual(java.lang.Object, java.lang.Object, int, java.lang.Object)'> (0x000000008b3069f8) thrown at [./src/hotspot/share/interpreter/linkResolver.cpp, line 773]
Event: 113.076 Thread 0x0000024a3e73a000 Exception <a 'java/lang/NoSuchMethodError'{0x000000008b205f90}: 'void java.lang.invoke.DirectMethodHandle$Holder.invokeVirtual(java.lang.Object, java.lang.Object, int, java.lang.Object)'> (0x000000008b205f90) thrown at [./src/hotspot/share/interpreter/linkResolver.cpp, line 773]
Event: 113.076 Thread 0x0000024a448de800 Exception <a 'java/lang/NoSuchMethodError'{0x000000008b3dc490}: 'void java.lang.invoke.DirectMethodHandle$Holder.invokeVirtual(java.lang.Object, java.lang.Object, int, java.lang.Object)'> (0x000000008b3dc490) thrown at [./src/hotspot/share/interpreter/linkResolver.cpp, line 773]
Event: 113.076 Thread 0x0000024a3e739800 Exception <a 'java/lang/NoSuchMethodError'{0x000000008b326840}: 'void java.lang.invoke.DirectMethodHandle$Holder.invokeVirtual(java.lang.Object, java.lang.Object, int, java.lang.Object)'> (0x000000008b326840) thrown at [./src/hotspot/share/interpreter/linkResolver.cpp, line 773]
Event: 113.076 Thread 0x0000024a3e73c800 Exception <a 'java/lang/NoSuchMethodError'{0x000000008b252b30}: 'void java.lang.invoke.DirectMethodHandle$Holder.invokeVirtual(java.lang.Object, java.lang.Object, int, java.lang.Object)'> (0x000000008b252b30) thrown at [./src/hotspot/share/interpreter/linkResolver.cpp, line 773]
Event: 113.542 Thread 0x0000024a3e739800 Exception <a 'java/lang/NoSuchMethodError'{0x0000000089c17940}: 'java.lang.Object java.lang.invoke.DirectMethodHandle$Holder.invokeSpecial(java.lang.Object, java.lang.Object, java.lang.Object, java.lang.Object, java.lang.Object, java.lang.Object, java.lang.Object, java.lang.Object, java.lang.Object, java.lang.Object)'> (0x0000000089c17940) thrown at [./src/hotspot/share/interpreter/linkResolver.cpp, line 773]
Event: 113.544 Thread 0x0000024a3e739800 Exception <a 'java/lang/NoSuchMethodError'{0x0000000089c1ba30}: 'java.lang.Object java.lang.invoke.Invokers$Holder.linkToTargetMethod(java.lang.Object, java.lang.Object, java.lang.Object, java.lang.Object, java.lang.Object, java.lang.Object, java.lang.Object, java.lang.Object, java.lang.Object)'> (0x0000000089c1ba30) thrown at [./src/hotspot/share/interpreter/linkResolver.cpp, line 773]

Events (20 events):
Event: 114.171 loading class com/android/tools/r8/naming/I done
Event: 114.172 loading class com/android/tools/r8/code/S3
Event: 114.172 loading class com/android/tools/r8/code/S3 done
Event: 114.179 loading class com/android/tools/r8/naming/I
Event: 114.179 loading class com/android/tools/r8/naming/I done
Event: 114.183 loading class com/android/tools/r8/graph/g0
Event: 114.183 loading class com/android/tools/r8/graph/g0 done
Event: 114.183 loading class com/android/tools/r8/graph/g0
Event: 114.183 loading class com/android/tools/r8/graph/g0 done
Event: 114.183 loading class com/android/tools/r8/graph/o0
Event: 114.183 loading class com/android/tools/r8/graph/o0 done
Event: 114.183 loading class com/android/tools/r8/graph/o0
Event: 114.183 loading class com/android/tools/r8/graph/C1
Event: 114.183 loading class com/android/tools/r8/graph/o0 done
Event: 114.183 loading class com/android/tools/r8/graph/C1 done
Event: 114.183 loading class com/android/tools/r8/graph/C1
Event: 114.183 loading class com/android/tools/r8/graph/C1 done
Event: 114.184 loading class com/android/tools/r8/code/P3
Event: 114.184 loading class com/android/tools/r8/code/P3 done
Event: 114.187 Executing VM operation: G1CollectForAllocation


Dynamic libraries:
0x00007ff7759c0000 - 0x00007ff7759ca000 	C:\Program Files\Android\Android Studio\jre\bin\java.exe
0x00007ffa9b0b0000 - 0x00007ffa9b2a5000 	C:\windows\SYSTEM32\ntdll.dll
0x00007ffa99f10000 - 0x00007ffa99fcd000 	C:\windows\System32\KERNEL32.DLL
0x00007ffa98950000 - 0x00007ffa98c18000 	C:\windows\System32\KERNELBASE.dll
0x00007ffa98c20000 - 0x00007ffa98d20000 	C:\windows\System32\ucrtbase.dll
0x00007ffa76630000 - 0x00007ffa76647000 	C:\Program Files\Android\Android Studio\jre\bin\VCRUNTIME140.dll
0x00007ffa712d0000 - 0x00007ffa712e9000 	C:\Program Files\Android\Android Studio\jre\bin\jli.dll
0x00007ffa99fe0000 - 0x00007ffa9a180000 	C:\windows\System32\USER32.dll
0x00007ffa987f0000 - 0x00007ffa98812000 	C:\windows\System32\win32u.dll
0x00007ffa97c10000 - 0x00007ffa97eaa000 	C:\windows\WinSxS\amd64_microsoft.windows.common-controls_6595b64144ccf1df_6.0.19041.1052_none_60b8f8fd71f5e8cb\COMCTL32.dll
0x00007ffa9a1b0000 - 0x00007ffa9a1da000 	C:\windows\System32\GDI32.dll
0x00007ffa991e0000 - 0x00007ffa9927e000 	C:\windows\System32\msvcrt.dll
0x00007ffa98dc0000 - 0x00007ffa98ecb000 	C:\windows\System32\gdi32full.dll
0x00007ffa98d20000 - 0x00007ffa98dbd000 	C:\windows\System32\msvcp_win.dll
0x00007ffa9a180000 - 0x00007ffa9a1b0000 	C:\windows\System32\IMM32.DLL
0x00007ffa59aa0000 - 0x00007ffa59b3d000 	C:\Program Files\Android\Android Studio\jre\bin\msvcp140.dll
0x00007ffa4c4e0000 - 0x00007ffa4cf9c000 	C:\Program Files\Android\Android Studio\jre\bin\server\jvm.dll
0x00007ffa9ac90000 - 0x00007ffa9ad3c000 	C:\windows\System32\ADVAPI32.dll
0x00007ffa9ab90000 - 0x00007ffa9ac2b000 	C:\windows\System32\sechost.dll
0x00007ffa99a00000 - 0x00007ffa99b2b000 	C:\windows\System32\RPCRT4.dll
0x00007ffa9a440000 - 0x00007ffa9a448000 	C:\windows\System32\PSAPI.DLL
0x00007ffa7c8d0000 - 0x00007ffa7c8f7000 	C:\windows\SYSTEM32\WINMM.dll
0x00007ffa96800000 - 0x00007ffa96809000 	C:\windows\SYSTEM32\WSOCK32.dll
0x00007ffa93550000 - 0x00007ffa9355a000 	C:\windows\SYSTEM32\VERSION.dll
0x00007ffa9ae70000 - 0x00007ffa9aedb000 	C:\windows\System32\WS2_32.dll
0x00007ffa962f0000 - 0x00007ffa96302000 	C:\windows\SYSTEM32\kernel.appcore.dll
0x00007ffa8e4c0000 - 0x00007ffa8e4d1000 	C:\Program Files\Android\Android Studio\jre\bin\verify.dll
0x00007ffa98200000 - 0x00007ffa983e4000 	C:\windows\SYSTEM32\DBGHELP.DLL
0x00007ffa98150000 - 0x00007ffa9817c000 	C:\windows\SYSTEM32\dbgcore.DLL
0x00007ffa98ed0000 - 0x00007ffa98f53000 	C:\windows\System32\bcryptPrimitives.dll
0x00007ffa80080000 - 0x00007ffa800a9000 	C:\Program Files\Android\Android Studio\jre\bin\java.dll
0x00007ffa8e640000 - 0x00007ffa8e64b000 	C:\Program Files\Android\Android Studio\jre\bin\jimage.dll
0x00007ffa8e210000 - 0x00007ffa8e228000 	C:\Program Files\Android\Android Studio\jre\bin\zip.dll
0x00007ffa9a450000 - 0x00007ffa9ab8f000 	C:\windows\System32\SHELL32.dll
0x00007ffa95a60000 - 0x00007ffa961f0000 	C:\windows\SYSTEM32\windows.storage.dll
0x00007ffa99bb0000 - 0x00007ffa99f05000 	C:\windows\System32\combase.dll
0x00007ffa97b10000 - 0x00007ffa97b3c000 	C:\windows\SYSTEM32\Wldp.dll
0x00007ffa9aee0000 - 0x00007ffa9af8e000 	C:\windows\System32\SHCORE.dll
0x00007ffa99180000 - 0x00007ffa991d5000 	C:\windows\System32\shlwapi.dll
0x00007ffa98730000 - 0x00007ffa9874f000 	C:\windows\SYSTEM32\profapi.dll
0x00007ffa8c400000 - 0x00007ffa8c41a000 	C:\Program Files\Android\Android Studio\jre\bin\net.dll
0x00007ffa8c8d0000 - 0x00007ffa8c9db000 	C:\windows\SYSTEM32\WINHTTP.dll
0x00007ffa979c0000 - 0x00007ffa97a2a000 	C:\windows\system32\mswsock.dll
0x00007ffa7ffd0000 - 0x00007ffa7ffe4000 	C:\Program Files\Android\Android Studio\jre\bin\nio.dll
0x00007ffa605b0000 - 0x00007ffa605d7000 	C:\Users\hp\.gradle\native\fdc75f09e3144964f2cf3f50f0aa648679c211496f362492102eb8c894070792\windows-amd64\native-platform.dll
0x00007ffa521d0000 - 0x00007ffa52366000 	C:\Users\hp\.gradle\native\12488b8bf47d2d4c9fbf2f6322a914ad602e24e48041cd04a747c6da556b65c4\windows-amd64\native-platform-file-events.dll
0x00007ffa8e4b0000 - 0x00007ffa8e4ba000 	C:\Program Files\Android\Android Studio\jre\bin\management.dll
0x00007ffa8c3c0000 - 0x00007ffa8c3cc000 	C:\Program Files\Android\Android Studio\jre\bin\management_ext.dll
0x00007ffa98510000 - 0x00007ffa98528000 	C:\windows\SYSTEM32\CRYPTSP.dll
0x00007ffa97240000 - 0x00007ffa97274000 	C:\windows\system32\rsaenh.dll
0x00007ffa98920000 - 0x00007ffa98947000 	C:\windows\System32\bcrypt.dll
0x00007ffa986b0000 - 0x00007ffa986de000 	C:\windows\SYSTEM32\USERENV.dll
0x00007ffa97aa0000 - 0x00007ffa97aac000 	C:\windows\SYSTEM32\CRYPTBASE.dll
0x00007ffa97570000 - 0x00007ffa975ab000 	C:\windows\SYSTEM32\IPHLPAPI.DLL
0x00007ffa99960000 - 0x00007ffa99968000 	C:\windows\System32\NSI.dll
0x00007ffa8b080000 - 0x00007ffa8b097000 	C:\windows\SYSTEM32\dhcpcsvc6.DLL
0x00007ffa8be10000 - 0x00007ffa8be2d000 	C:\windows\SYSTEM32\dhcpcsvc.DLL
0x00007ffa975b0000 - 0x00007ffa9767c000 	C:\windows\SYSTEM32\DNSAPI.dll
0x00007ffa8d430000 - 0x00007ffa8d43b000 	C:\windows\SYSTEM32\WINNSI.DLL
0x00007ffa704a0000 - 0x00007ffa704be000 	C:\Users\hp\AppData\Local\Temp\native-platform15021753167903050994dir\native-platform.dll
0x00007ffa8e4e0000 - 0x00007ffa8e4e8000 	C:\Program Files\Android\Android Studio\jre\bin\rmi.dll

dbghelp: loaded successfully - version: 4.0.5 - missing functions: none
symbol engine: initialized successfully - sym options: 0x614 - pdb path: .;C:\Program Files\Android\Android Studio\jre\bin;C:\windows\SYSTEM32;C:\windows\WinSxS\amd64_microsoft.windows.common-controls_6595b64144ccf1df_6.0.19041.1052_none_60b8f8fd71f5e8cb;C:\Program Files\Android\Android Studio\jre\bin\server;C:\Users\hp\.gradle\native\fdc75f09e3144964f2cf3f50f0aa648679c211496f362492102eb8c894070792\windows-amd64;C:\Users\hp\.gradle\native\12488b8bf47d2d4c9fbf2f6322a914ad602e24e48041cd04a747c6da556b65c4\windows-amd64;C:\Users\hp\AppData\Local\Temp\native-platform15021753167903050994dir

VM Arguments:
jvm_args: --add-opens=java.base/java.util=ALL-UNNAMED --add-opens=java.base/java.lang=ALL-UNNAMED --add-opens=java.base/java.lang.invoke=ALL-UNNAMED --add-opens=java.prefs/java.util.prefs=ALL-UNNAMED -Xmx2048m -Dfile.encoding=UTF-8 -Duser.country=GB -Duser.language=en -Duser.variant 
java_command: org.gradle.launcher.daemon.bootstrap.GradleDaemon 6.7.1
java_class_path (initial): C:\Users\hp\.gradle\wrapper\dists\gradle-6.7.1-bin\bwlcbys1h7rz3272sye1xwiv6\gradle-6.7.1\lib\gradle-launcher-6.7.1.jar
Launcher Type: SUN_STANDARD

[Global flags]
     intx CICompilerCount                          = 4                                         {product} {ergonomic}
     uint ConcGCThreads                            = 2                                         {product} {ergonomic}
     uint G1ConcRefinementThreads                  = 8                                         {product} {ergonomic}
   size_t G1HeapRegionSize                         = 1048576                                   {product} {ergonomic}
    uintx GCDrainStackTargetSize                   = 64                                        {product} {ergonomic}
   size_t InitialHeapSize                          = 65011712                                  {product} {ergonomic}
   size_t MarkStackSize                            = 4194304                                   {product} {ergonomic}
   size_t MaxHeapSize                              = 2147483648                                {product} {command line}
   size_t MaxNewSize                               = 1287651328                                {product} {ergonomic}
   size_t MinHeapDeltaBytes                        = 1048576                                   {product} {ergonomic}
    uintx NonNMethodCodeHeapSize                   = 5836300                                {pd product} {ergonomic}
    uintx NonProfiledCodeHeapSize                  = 122910970                              {pd product} {ergonomic}
    uintx ProfiledCodeHeapSize                     = 122910970                              {pd product} {ergonomic}
    uintx ReservedCodeCacheSize                    = 251658240                              {pd product} {ergonomic}
     bool SegmentedCodeCache                       = true                                      {product} {ergonomic}
     bool UseCompressedClassPointers               = true                                 {lp64_product} {ergonomic}
     bool UseCompressedOops                        = true                                 {lp64_product} {ergonomic}
     bool UseG1GC                                  = true                                      {product} {ergonomic}
     bool UseLargePagesIndividualAllocation        = false                                  {pd product} {ergonomic}

Logging:
Log output configuration:
 #0: stdout all=warning uptime,level,tags
 #1: stderr all=off uptime,level,tags

Environment Variables:
PATH=C:\windows\system32;C:\windows;C:\windows\System32\Wbem;C:\windows\System32\WindowsPowerShell\v1.0\;C:\windows\System32\OpenSSH\;C:\Program Files\Git\cmd;C:\Users\hp\AppData\Local\Microsoft\WindowsApps;;C:\Users\hp\AppData\Local\Programs\Microsoft VS Code\bin
USERNAME=hp
OS=Windows_NT
PROCESSOR_IDENTIFIER=Intel64 Family 6 Model 142 Stepping 12, GenuineIntel



---------------  S Y S T E M  ---------------

OS: Windows 10 , 64 bit Build 19041 (10.0.19041.1023)
OS uptime: 2 days 3:08 hours

CPU:total 8 (initial active 8) (4 cores per cpu, 2 threads per core) family 6 model 142 stepping 12, cmov, cx8, fxsr, mmx, sse, sse2, sse3, ssse3, sse4.1, sse4.2, popcnt, avx, avx2, aes, clmul, erms, 3dnowpref, lzcnt, ht, tsc, tscinvbit, bmi1, bmi2, adx, fma

Memory: 4k page, system-wide physical 3899M (17M free)
TotalPageFile size 15675M (AvailPageFile size 43M)
current process WorkingSet (physical memory assigned to process): 143M, peak: 259M
current process commit charge ("private bytes"): 556M, peak: 662M

vm_info: OpenJDK 64-Bit Server VM (11.0.8+10-b944.6842174) for windows-amd64 JRE (11.0.8+10-b944.6842174), built on Sep 19 2020 01:11:42 by "builder" with MS VC++ 14.0 (VS2015)

END.
